SecCoreStartupWithStack(0xFFFCC000, 0x820000)
Register PPI Notify: DCD0BE23-9586-40F4-B643-06522CED4EDE
Install PPI: 8C8CE578-8A3D-4F1C-9935-896185C32DD3
Install PPI: 5473C07A-3DCB-4DCA-BD6F-1E9689E7349A
The 0th FV start address is 0x00000820000, size is 0x000E0000, handle is 0x820000
Register PPI Notify: 49EDB1C1-BF21-4761-BB12-EB0031AABB39
Register PPI Notify: EA7CA24B-DED5-4DAD-A389-BF827E8F9B38
Install PPI: B9E0ABFE-5979-4914-977F-6DEE78C278A6
Install PPI: DBE23AA9-A345-4B97-85B6-B226F1617389
Loading PEIM 9B3ADA4F-AE56-4C24-8DEA-F03B7558AE50
Loading PEIM at 0x0000082C600 EntryPoint=0x0000082E277 PcdPeim.efi
Install PPI: 06E81C58-4AD7-44BC-8390-F10265F72480
Install PPI: 01F34D25-4DE2-23AD-3FF3-36353FF323F1
Install PPI: 4D8B155B-C059-4C8F-8926-06FD4331DB8A
Install PPI: A60C6B59-E459-425D-9C69-0BCC9CB27D81
Register PPI Notify: 605EA650-C65C-42E1-BA80-91A52AB618C6
Loading PEIM A3610442-E69F-4DF3-82CA-2360C4031A23
Loading PEIM at 0x000008314C0 EntryPoint=0x0000083294E ReportStatusCodeRouterPei.efi
Install PPI: 0065D394-9951-4144-82A3-0AFC8579C251
Install PPI: 229832D3-7A30-4B36-B827-F40CB7D45436
Loading PEIM 9D225237-FA01-464C-A949-BAABC02D31D0
Loading PEIM at 0x00000833640 EntryPoint=0x00000833ACF StatusCodeHandlerPei.efi
Loading PEIM 222C386D-5ABC-4FB4-B124-FBB82488ACF4
Loading PEIM at 0x00000835840 EntryPoint=0x00000835A80 PlatformPei.efi
Select Item: 0x0
FW CFG Signature: 0x554D4551
Select Item: 0x1
FW CFG Revision: 0x3
QemuFwCfg interface (DMA) is supported.
Platform PEIM Loaded
CMOS:
00: 25 00 44 00 07 00 05 09 01 20 26 02 00 80 00 00
10: 00 00 F0 00 06 80 02 FF FF 2F 00 00 04 10 FF FF
20: C8 00 04 3F 00 00 00 00 00 00 00 00 00 00 00 00
30: FF FF 20 00 00 7F 00 20 30 00 00 00 00 12 00 00
40: 00 00 00 00 00 00 00 00 00 00 00 00 00 00 00 00
50: 00 00 00 00 00 00 00 00 00 00 00 00 80 00 00 07
60: 00 00 00 00 00 00 00 00 00 00 00 00 00 00 00 00
70: 00 00 00 00 00 00 00 00 00 00 00 00 00 00 00 00
Select Item: 0x19
Select Item: 0x2A
S3 support was detected on QEMU
Install PPI: 7408D748-FC8C-4EE6-9288-C4BEC092A410
Select Item: 0x19
Select Item: 0x24
Select Item: 0x19
Select Item: 0x19
GetFirstNonAddress: Pci64Base=0x800000000 Pci64Size=0x800000000
Select Item: 0x5
MaxCpuCountInitialization: QEMU reports 8 processor(s)
PublishPeiMemory: mPhysMemAddressWidth=36 PeiMemoryCap=65800 KB
PeiInstallPeiMemory MemoryBegin 0x7BEFE000, MemoryLength 0x4042000
QemuInitializeRam called
Select Item: 0x19
Select Item: 0x24
Reserved variable store memory: 0x7FEBC000; size: 528kb
Platform PEI Firmware Volume Initialization
Install PPI: 49EDB1C1-BF21-4761-BB12-EB0031AABB39
Notify: PPI Guid: 49EDB1C1-BF21-4761-BB12-EB0031AABB39, Peim notify entry point: 8292DB
The 1th FV start address is 0x00000900000, size is 0x00B00000, handle is 0x900000
Enoch print PciSize=80000000
Select Item: 0x19
Select Item: 0x19
Register PPI Notify: EE16160A-E8BE-47A6-820A-C6900DB0250A
Select Item: 0x19
Temp Stack : BaseAddress=0x818000 Length=0x8000
Temp Heap  : BaseAddress=0x810000 Length=0x8000
Total temporary memory:    65536 bytes.
  temporary memory stack ever used:       29688 bytes.
  temporary memory heap used for HobList: 8368 bytes.
  temporary memory heap occupied by memory pages: 0 bytes.
Memory Allocation 0x0000000A 0x7FF40000 - 0x7FFFFFFF
Memory Allocation 0x0000000A 0x810000 - 0x81FFFF
Memory Allocation 0x0000000A 0x807000 - 0x807FFF
Memory Allocation 0x0000000A 0x800000 - 0x805FFF
Memory Allocation 0x0000000A 0x806000 - 0x806FFF
Memory Allocation 0x00000006 0x7FEBC000 - 0x7FF3FFFF
Memory Allocation 0x0000000A 0x820000 - 0x8FFFFF
Memory Allocation 0x00000004 0x900000 - 0x13FFFFF
Memory Allocation 0x00000000 0xE0000000 - 0xEFFFFFFF
Old Stack size 32768, New stack size 131072
Stack Hob: BaseAddress=0x7BEFE000 Length=0x20000
Heap Offset = 0x7B70E000 Stack Offset = 0x7B6FE000
TemporaryRamMigration(0x810000, 0x7BF16000, 0x10000)
Loading PEIM 52C05B14-0B98-496C-BC3B-04B50211D680
Loading PEIM at 0x0007FEAF000 EntryPoint=0x0007FEB1628 PeiCore.efi
Reinstall PPI: 8C8CE578-8A3D-4F1C-9935-896185C32DD3
Reinstall PPI: 5473C07A-3DCB-4DCA-BD6F-1E9689E7349A
Reinstall PPI: B9E0ABFE-5979-4914-977F-6DEE78C278A6
Install PPI: F894643D-C449-42D1-8EA8-85BDD8C65BDE
Loading PEIM 86D70125-BAA3-4296-A62F-602BEBBB9081
Loading PEIM at 0x0007FEAA000 EntryPoint=0x0007FEAAD9A DxeIpl.efi
Install PPI: 1A36E4E7-FAB6-476A-8E75-695A0576FDD7
Install PPI: 0AE8CE5D-E448-4437-A8D7-EBF5F194F731
Loading PEIM 89E549B0-7CFE-449D-9BA3-10D8B2312D71
Loading PEIM at 0x0007FEA5000 EntryPoint=0x0007FEA5574 S3Resume2Pei.efi
Install PPI: 6D582DBC-DB85-4514-8FCC-5ADF6227B147
Loading PEIM EDADEB9D-DDBA-48BD-9D22-C1C169C8C5C6
Loading PEIM at 0x0007FE9C000 EntryPoint=0x0007FE9D64E CpuMpPei.efi
Register PPI Notify: F894643D-C449-42D1-8EA8-85BDD8C65BDE
Notify: PPI Guid: F894643D-C449-42D1-8EA8-85BDD8C65BDE, Peim notify entry point: 7FE9C240
AP Loop Mode is 1
WakeupBufferStart = 9F000, WakeupBufferSize = 1000
APIC MODE is 1
MpInitLib: Find 8 processors in system.
Register PPI Notify: 8F9D4825-797D-48FC-8471-845025792EF6
Does not find any stored CPU BIST information from PPI!
  APICID - 0x00000000, BIST - 0x00000000
  APICID - 0x00000001, BIST - 0x00000000
  APICID - 0x00000002, BIST - 0x00000000
  APICID - 0x00000003, BIST - 0x00000000
  APICID - 0x00000004, BIST - 0x00000000
  APICID - 0x00000005, BIST - 0x00000000
  APICID - 0x00000006, BIST - 0x00000000
  APICID - 0x00000007, BIST - 0x00000000
Install PPI: 9E9F374B-8F16-4230-9824-5846EE766A97
Install PPI: EE16160A-E8BE-47A6-820A-C6900DB0250A
Notify: PPI Guid: EE16160A-E8BE-47A6-820A-C6900DB0250A, Peim notify entry point: 839CC7
PlatformPei: ClearCacheOnMpServicesAvailable
DXE IPL Entry
Loading PEIM D6A2CB7F-6A18-4E2F-B43B-9920A733700A
Loading PEIM at 0x0007FE31000 EntryPoint=0x0007FE3E188 DxeCore.efi
Loading DXE CORE at 0x0007FE31000 EntryPoint=0x0007FE3E188
Install PPI: 605EA650-C65C-42E1-BA80-91A52AB618C6
Notify: PPI Guid: 605EA650-C65C-42E1-BA80-91A52AB618C6, Peim notify entry point: 82FBA4
CoreInitializeMemoryServices:
  BaseAddress - 0x7BF22000 Length - 0x3CDE000 MinimalMemorySizeNeeded - 0x10F4000
InstallProtocolInterface: 5B1B31A1-9562-11D2-8E3F-00A0C969723B 7FE54FC8
ProtectUefiImageCommon - 0x7FE54FC8
  - 0x000000007FE31000 - 0x000000000002A000
HOBLIST address in DXE = 0x7FA15018
Memory Allocation 0x0000000A 0x7FF40000 - 0x7FFFFFFF
Memory Allocation 0x0000000A 0x810000 - 0x81FFFF
Memory Allocation 0x0000000A 0x807000 - 0x807FFF
Memory Allocation 0x0000000A 0x800000 - 0x805FFF
Memory Allocation 0x0000000A 0x806000 - 0x806FFF
Memory Allocation 0x00000006 0x7FEBC000 - 0x7FF3FFFF
Memory Allocation 0x0000000A 0x820000 - 0x8FFFFF
Memory Allocation 0x00000004 0x900000 - 0x13FFFFF
Memory Allocation 0x00000000 0xE0000000 - 0xEFFFFFFF
Memory Allocation 0x00000004 0x7FE11000 - 0x7FE30FFF
Memory Allocation 0x00000003 0x7FEAF000 - 0x7FEBBFFF
Memory Allocation 0x00000003 0x7FEAA000 - 0x7FEAEFFF
Memory Allocation 0x00000003 0x7FEA5000 - 0x7FEA9FFF
Memory Allocation 0x00000003 0x7FE9C000 - 0x7FEA4FFF
Memory Allocation 0x00000004 0x7FE5B000 - 0x7FE9BFFF
Memory Allocation 0x00000003 0x7FE31000 - 0x7FE5AFFF
Memory Allocation 0x00000003 0x7FE31000 - 0x7FE5AFFF
Memory Allocation 0x00000004 0x7FE11000 - 0x7FE30FFF
Memory Allocation 0x00000004 0x7FC00000 - 0x7FDFFFFF
Memory Allocation 0x00000007 0x7FE00000 - 0x7FE10FFF
Memory Allocation 0x00000004 0x7BEFE000 - 0x7BF1DFFF
FV Hob            0x900000 - 0x13FFFFF
InstallProtocolInterface: D8117CFE-94A6-11D4-9A3A-0090273FC14D 7FE555F0
InstallProtocolInterface: 8F644FA9-E850-4DB1-9CE2-0B44698E8DA4 7FA110B0
InstallProtocolInterface: 09576E91-6D3F-11D2-8E39-00A0C969723B 7FA11A98
InstallProtocolInterface: 220E73B6-6BDB-4413-8405-B974B108619A 7FA112B0
InstallProtocolInterface: EE4E5898-3914-4259-9D6E-DC7BD79403CF 7FE55290
Loading driver 9B680FCE-AD6B-4F3A-B60B-F59899003443
InstallProtocolInterface: 5B1B31A1-9562-11D2-8E3F-00A0C969723B 7F76D0C0
Loading driver at 0x0007FB8F000 EntryPoint=0x0007FB97056 DevicePathDxe.efi
InstallProtocolInterface: BC62157E-3E33-4FEC-9920-2D3B36D750DF 7F76D318
ProtectUefiImageCommon - 0x7F76D0C0
  - 0x000000007FB8F000 - 0x000000000000B540
InstallProtocolInterface: 0379BE4E-D706-437D-B037-EDB82FB772A4 7FB9A1E0
InstallProtocolInterface: 8B843E20-8132-4852-90CC-551A4E4A7F1C 7FB9A1C0
InstallProtocolInterface: 05C99A21-C70F-4AD2-8A5F-35DF3343F51E 7FB9A1A0
Loading driver 80CF7257-87AB-47F9-A3FE-D50B76D89541
InstallProtocolInterface: 5B1B31A1-9562-11D2-8E3F-00A0C969723B 7F76CB40
Loading driver at 0x0007FB89000 EntryPoint=0x0007FB8931E PcdDxe.efi
InstallProtocolInterface: BC62157E-3E33-4FEC-9920-2D3B36D750DF 7F76D398
ProtectUefiImageCommon - 0x7F76CB40
  - 0x000000007FB89000 - 0x0000000000006000
InstallProtocolInterface: 11B34006-D85B-4D0A-A290-D5A571310EF7 7FB8EAC0
InstallProtocolInterface: 13A3F0F6-264A-3EF0-F2E0-DEC512342F34 7FB8EA20
InstallProtocolInterface: 5BE40F57-FA68-4610-BBBF-E9C5FCDAD365 7FB8E9E0
InstallProtocolInterface: FD0F4478-0EFD-461D-BA2D-E58C45FD5F5E 7FB8E9C0
Loading driver 2EC9DA37-EE35-4DE9-86C5-6D9A81DC38A7
InstallProtocolInterface: 5B1B31A1-9562-11D2-8E3F-00A0C969723B 7F76BC40
Loading driver at 0x0007FB85000 EntryPoint=0x0007FB85C1D AmdSevDxe.efi
InstallProtocolInterface: BC62157E-3E33-4FEC-9920-2D3B36D750DF 7F76BA98
ProtectUefiImageCommon - 0x7F76BC40
  - 0x000000007FB85000 - 0x00000000000030C0
Error: Image at 0007FB85000 start failed: Unsupported
Loading driver 733CBAC2-B23F-4B92-BC8E-FB01CE5907B7
InstallProtocolInterface: 5B1B31A1-9562-11D2-8E3F-00A0C969723B 7F76BC40
Loading driver at 0x0007FBC3000 EntryPoint=0x0007FBC4000 FvbServicesRuntimeDxe.efi
InstallProtocolInterface: BC62157E-3E33-4FEC-9920-2D3B36D750DF 7F76B818
ProtectUefiImageCommon - 0x7F76BC40
  - 0x000000007FBC3000 - 0x0000000000008000
QEMU Flash: Attempting flash detection at FFC00010
QemuFlashDetected => FD behaves as ROM
QemuFlashDetected => No
QEMU flash was not detected. Writable FVB is not being installed.
Error: Image at 0007FBC3000 start failed: Write Protected
Loading driver D93CE3D8-A7EB-4730-8C8E-CC466A9ECC3C
InstallProtocolInterface: 5B1B31A1-9562-11D2-8E3F-00A0C969723B 7F76BC40
Loading driver at 0x0007FBC5000 EntryPoint=0x0007FBC6380 ReportStatusCodeRouterRuntimeDxe.efi
InstallProtocolInterface: BC62157E-3E33-4FEC-9920-2D3B36D750DF 7F76B898
ProtectUefiImageCommon - 0x7F76BC40
  - 0x000000007FBC5000 - 0x0000000000006000
InstallProtocolInterface: 86212936-0E76-41C8-A03A-2AF2FC1C39E2 7FBC9030
InstallProtocolInterface: D2B2B828-0826-48A7-B3DF-983C006024F0 7FBC9010
Loading driver B601F8C4-43B7-4784-95B1-F4226CB40CEE
InstallProtocolInterface: 5B1B31A1-9562-11D2-8E3F-00A0C969723B 7F761040
Loading driver at 0x0007FBBF000 EntryPoint=0x0007FBC0696 RuntimeDxe.efi
InstallProtocolInterface: BC62157E-3E33-4FEC-9920-2D3B36D750DF 7F761F18
ProtectUefiImageCommon - 0x7F761040
  - 0x000000007FBBF000 - 0x0000000000006000
InstallProtocolInterface: B7DFB4E1-052F-449F-87BE-9818FC91B733 7FBC3060
Loading driver F80697E9-7FD6-4665-8646-88E33EF71DFC
InstallProtocolInterface: 5B1B31A1-9562-11D2-8E3F-00A0C969723B 7F761440
Loading driver at 0x0007FB86000 EntryPoint=0x0007FB863B1 SecurityStubDxe.efi
InstallProtocolInterface: BC62157E-3E33-4FEC-9920-2D3B36D750DF 7F761A18
ProtectUefiImageCommon - 0x7F761440
  - 0x000000007FB86000 - 0x0000000000002F00
InstallProtocolInterface: 94AB2F58-1438-4EF1-9152-18941A3A0E68 7FB88B78
InstallProtocolInterface: A46423E3-4617-49F1-B9FF-D1BFA9115839 7FB88B70
InstallProtocolInterface: 15853D7C-3DDF-43E0-A1CB-EBF85B8F872C 7FB88B50
Loading driver 13AC6DD0-73D0-11D4-B06B-00AA00BD6DE7
InstallProtocolInterface: 5B1B31A1-9562-11D2-8E3F-00A0C969723B 7F7687C0
Loading driver at 0x0007FB80000 EntryPoint=0x0007FB809D6 EbcDxe.efi
InstallProtocolInterface: BC62157E-3E33-4FEC-9920-2D3B36D750DF 7F768118
ProtectUefiImageCommon - 0x7F7687C0
  - 0x000000007FB80000 - 0x0000000000005400
InstallProtocolInterface: 13AC6DD1-73D0-11D4-B06B-00AA00BD6DE7 7F768618
InstallProtocolInterface: 2755590C-6F3C-42FA-9EA4-A3BA543CDA25 7F768518
InstallProtocolInterface: AAEACCFD-F27B-4C17-B610-75CA1F2DFB52 7F767F98
Loading driver 79CA4208-BBA1-4A9A-8456-E1E66A81484E
InstallProtocolInterface: 5B1B31A1-9562-11D2-8E3F-00A0C969723B 7F767C40
Loading driver at 0x0007FB7E000 EntryPoint=0x0007FB7F331 Legacy8259.efi
InstallProtocolInterface: BC62157E-3E33-4FEC-9920-2D3B36D750DF 7F767A98
ProtectUefiImageCommon - 0x7F767C40
  - 0x000000007FB7E000 - 0x0000000000001E80
InstallProtocolInterface: 38321DBA-4FE0-4E17-8AEC-413055EAEDC1 7FB7FB60
Loading driver A19B1FE7-C1BC-49F8-875F-54A5D542443F
InstallProtocolInterface: 5B1B31A1-9562-11D2-8E3F-00A0C969723B 7F767240
Loading driver at 0x0007FB7B000 EntryPoint=0x0007FB7C5B1 CpuIo2Dxe.efi
InstallProtocolInterface: BC62157E-3E33-4FEC-9920-2D3B36D750DF 7F767598
ProtectUefiImageCommon - 0x7F767240
  - 0x000000007FB7B000 - 0x0000000000002240
InstallProtocolInterface: AD61F191-AE5F-4C0E-B9FA-E869D288C64F 7FB7CF80
Loading driver 1A1E4886-9517-440E-9FDE-3BE44CEE2136
InstallProtocolInterface: 5B1B31A1-9562-11D2-8E3F-00A0C969723B 7F766CC0
Loading driver at 0x0007FB6B000 EntryPoint=0x0007FB6B240 CpuDxe.efi
InstallProtocolInterface: BC62157E-3E33-4FEC-9920-2D3B36D750DF 7F766B18
ProtectUefiImageCommon - 0x7F766CC0
  - 0x000000007FB6B000 - 0x000000000000FE40
Paging: added 512 pages to page table pool
CurrentPagingContext:
  MachineType   - 0x8664
  PageTableBase - 0x7FC01000
  Attributes    - 0xC0000002
InstallProtocolInterface: 26BACCB1-6F42-11D4-BCE7-0080C73C8881 7FB79C60
MemoryProtectionCpuArchProtocolNotify:
ProtectUefiImageCommon - 0x7FE54FC8
  - 0x000000007FE31000 - 0x000000000002A000
ProtectUefiImageCommon - 0x7F76D0C0
  - 0x000000007FB8F000 - 0x000000000000B540
ProtectUefiImageCommon - 0x7F76CB40
  - 0x000000007FB89000 - 0x0000000000006000
ProtectUefiImageCommon - 0x7F76BC40
  - 0x000000007FBC5000 - 0x0000000000006000
SetUefiImageMemoryAttributes - 0x000000007FBC5000 - 0x0000000000001000 (0x0000000000004000)
SetUefiImageMemoryAttributes - 0x000000007FBC6000 - 0x0000000000003000 (0x0000000000020000)
SetUefiImageMemoryAttributes - 0x000000007FBC9000 - 0x0000000000002000 (0x0000000000004000)
ProtectUefiImageCommon - 0x7F761040
  - 0x000000007FBBF000 - 0x0000000000006000
SetUefiImageMemoryAttributes - 0x000000007FBBF000 - 0x0000000000001000 (0x0000000000004000)
SetUefiImageMemoryAttributes - 0x000000007FBC0000 - 0x0000000000003000 (0x0000000000020000)
SetUefiImageMemoryAttributes - 0x000000007FBC3000 - 0x0000000000002000 (0x0000000000004000)
ProtectUefiImageCommon - 0x7F761440
  - 0x000000007FB86000 - 0x0000000000002F00
ProtectUefiImageCommon - 0x7F7687C0
  - 0x000000007FB80000 - 0x0000000000005400
ProtectUefiImageCommon - 0x7F767C40
  - 0x000000007FB7E000 - 0x0000000000001E80
ProtectUefiImageCommon - 0x7F767240
  - 0x000000007FB7B000 - 0x0000000000002240
ProtectUefiImageCommon - 0x7F766CC0
  - 0x000000007FB6B000 - 0x000000000000FE40
ConvertPages: failed to find range A0000 - FFFFF
ConvertPages: failed to find range 80000000 - DFFFFFFF
ConvertPages: failed to find range E0000000 - EFFFFFFF
ConvertPages: failed to find range FEC00000 - FEC00FFF
Failed to update capability: [8] 00000000FED00000 - 00000000FED003FF (C700000000000001 -> C700000000026001)
ConvertPages: failed to find range FED1C000 - FED1FFFF
ConvertPages: failed to find range FEE00000 - FEEFFFFF
AP Loop Mode is 1
WakeupBufferStart = 9F000, WakeupBufferSize = 229
Detect CPU count: 8
InstallProtocolInterface: 3FDDA605-A76E-4F46-AD29-12F4531B3D08 7FB79C00
Loading driver F6697AC4-A776-4EE1-B643-1FEFF2B615BB
InstallProtocolInterface: 5B1B31A1-9562-11D2-8E3F-00A0C969723B 7F762840
Loading driver at 0x0007FB60000 EntryPoint=0x0007FB6129F IncompatiblePciDeviceSupportDxe.efi
InstallProtocolInterface: BC62157E-3E33-4FEC-9920-2D3B36D750DF 7F762A98
ProtectUefiImageCommon - 0x7F762840
  - 0x000000007FB60000 - 0x0000000000002200
InstallProtocolInterface: EB23F55A-7863-4AC2-8D3D-956535DE0375 7FB62088
Loading driver 11A6EDF6-A9BE-426D-A6CC-B22FE51D9224
InstallProtocolInterface: 5B1B31A1-9562-11D2-8E3F-00A0C969723B 7F31EC40
Loading driver at 0x0007FB5A000 EntryPoint=0x0007FB5CD13 PciHotPlugInitDxe.efi
InstallProtocolInterface: BC62157E-3E33-4FEC-9920-2D3B36D750DF 7F31EA98
ProtectUefiImageCommon - 0x7F31EC40
  - 0x000000007FB5A000 - 0x0000000000005540
InstallProtocolInterface: AA0E8BC1-DABC-46B0-A844-37B8169B2BEA 7FB5F3E0
Loading driver 4B28E4C7-FF36-4E10-93CF-A82159E777C5
InstallProtocolInterface: 5B1B31A1-9562-11D2-8E3F-00A0C969723B 7F31E240
Loading driver at 0x0007FBB8000 EntryPoint=0x0007FBB974E ResetSystemRuntimeDxe.efi
InstallProtocolInterface: BC62157E-3E33-4FEC-9920-2D3B36D750DF 7F31E698
ProtectUefiImageCommon - 0x7F31E240
  - 0x000000007FBB8000 - 0x0000000000007000
SetUefiImageMemoryAttributes - 0x000000007FBB8000 - 0x0000000000001000 (0x0000000000004008)
SetUefiImageMemoryAttributes - 0x000000007FBB9000 - 0x0000000000004000 (0x0000000000020008)
SetUefiImageMemoryAttributes - 0x000000007FBBD000 - 0x0000000000002000 (0x0000000000004008)
InstallProtocolInterface: 27CFAC88-46CC-11D4-9A38-0090273FC14D 0
InstallProtocolInterface: 9DA34AE0-EAF9-4BBF-8EC3-FD60226C44BE 7FBBD248
InstallProtocolInterface: 695D7835-8D47-4C11-AB22-FA8ACCE7AE7A 7FBBD288
InstallProtocolInterface: 2DF6BA0B-7092-440D-BD04-FB091EC3F3C1 7FBBD208
Loading driver C8339973-A563-4561-B858-D8476F9DEFC4
InstallProtocolInterface: 5B1B31A1-9562-11D2-8E3F-00A0C969723B 7F315140
Loading driver at 0x0007FB57000 EntryPoint=0x0007FB58160 Metronome.efi
InstallProtocolInterface: BC62157E-3E33-4FEC-9920-2D3B36D750DF 7F315698
ProtectUefiImageCommon - 0x7F315140
  - 0x000000007FB57000 - 0x0000000000002080
InstallProtocolInterface: 26BACCB2-6F42-11D4-BCE7-0080C73C8881 7FB58D90
Loading driver 79E4A61C-ED73-4312-94FE-E3E7563362A9
InstallProtocolInterface: 5B1B31A1-9562-11D2-8E3F-00A0C969723B 7F31DB40
Loading driver at 0x0007FB54000 EntryPoint=0x0007FB55D89 PrintDxe.efi
InstallProtocolInterface: BC62157E-3E33-4FEC-9920-2D3B36D750DF 7F31DE18
ProtectUefiImageCommon - 0x7F31DB40
  - 0x000000007FB54000 - 0x0000000000002DC0
InstallProtocolInterface: F05976EF-83F1-4F3D-8619-F7595D41E538 7FB56C20
InstallProtocolInterface: 0CC252D2-C106-4661-B5BD-3147A4F81F92 7FB56BC0
Loading driver 348C4D62-BFBD-4882-9ECE-C80BB1C4783B
InstallProtocolInterface: 5B1B31A1-9562-11D2-8E3F-00A0C969723B 7F31D1C0
Loading driver at 0x0007FB35000 EntryPoint=0x0007FB49895 HiiDatabase.efi
InstallProtocolInterface: BC62157E-3E33-4FEC-9920-2D3B36D750DF 7F31D518
ProtectUefiImageCommon - 0x7F31D1C0
  - 0x000000007FB35000 - 0x000000000001E840
InstallProtocolInterface: E9CA4775-8657-47FC-97E7-7ED65A084324 7FB534A8
InstallProtocolInterface: 0FD96974-23AA-4CDC-B9CB-98D17750322A 7FB53520
InstallProtocolInterface: EF9FC172-A1B2-4693-B327-6D32FC416042 7FB53548
InstallProtocolInterface: 587E72D7-CC50-4F79-8209-CA291FC1A10F 7FB535A0
InstallProtocolInterface: 0A8BADD5-03B8-4D19-B128-7B8F0EDAA596 7FB535D0
InstallProtocolInterface: 31A6406A-6BDF-4E46-B2A2-EBAA89C40920 7FB534C8
InstallProtocolInterface: 1A1241E6-8F19-41A9-BC0E-E8EF39E06546 7FB534F0
Loading driver 96B5C032-DF4C-4B6E-8232-438DCF448D0E
InstallProtocolInterface: 5B1B31A1-9562-11D2-8E3F-00A0C969723B 7F31C2C0
Loading driver at 0x0007FB32000 EntryPoint=0x0007FB33284 NullMemoryTestDxe.efi
InstallProtocolInterface: BC62157E-3E33-4FEC-9920-2D3B36D750DF 7F31C598
ProtectUefiImageCommon - 0x7F31C2C0
  - 0x000000007FB32000 - 0x00000000000022C0
InstallProtocolInterface: 309DE7F1-7F5E-4ACE-B49C-531BE5AA95EF 7FB33F80
Loading driver 9622E42C-8E38-4A08-9E8F-54F784652F6B
InstallProtocolInterface: 5B1B31A1-9562-11D2-8E3F-00A0C969723B 7F31BCC0
Loading driver at 0x0007FB2A000 EntryPoint=0x0007FB2A6AC AcpiTableDxe.efi
InstallProtocolInterface: BC62157E-3E33-4FEC-9920-2D3B36D750DF 7F31BB18
ProtectUefiImageCommon - 0x7F31BCC0
  - 0x000000007FB2A000 - 0x00000000000072C0
InstallProtocolInterface: FFE06BDD-6107-46A6-7BB2-5A9C7EC5275C 7F31B2A0
InstallProtocolInterface: EB97088E-CFDF-49C6-BE4B-D906A5B20E86 7F31B2B0
Loading driver 8657015B-EA43-440D-949A-AF3BE365C0FC
InstallProtocolInterface: 5B1B31A1-9562-11D2-8E3F-00A0C969723B 7F31B440
Loading driver at 0x0007FB26000 EntryPoint=0x0007FB264F8 IoMmuDxe.efi
InstallProtocolInterface: BC62157E-3E33-4FEC-9920-2D3B36D750DF 7F316F98
ProtectUefiImageCommon - 0x7F31B440
  - 0x000000007FB26000 - 0x0000000000003F80
InstallProtocolInterface: F8775D50-8ABD-4ADF-92AC-853E51F6C8DC 0
Loading driver 22DC2B60-FE40-42AC-B01F-3AB1FAD9AAD8
InstallProtocolInterface: 5B1B31A1-9562-11D2-8E3F-00A0C969723B 7F3167C0
Loading driver at 0x0007FBB2000 EntryPoint=0x0007FBB356C EmuVariableFvbRuntimeDxe.efi
InstallProtocolInterface: BC62157E-3E33-4FEC-9920-2D3B36D750DF 7F316598
ProtectUefiImageCommon - 0x7F3167C0
  - 0x000000007FBB2000 - 0x0000000000006000
SetUefiImageMemoryAttributes - 0x000000007FBB2000 - 0x0000000000001000 (0x0000000000004008)
SetUefiImageMemoryAttributes - 0x000000007FBB3000 - 0x0000000000003000 (0x0000000000020008)
SetUefiImageMemoryAttributes - 0x000000007FBB6000 - 0x0000000000002000 (0x0000000000004008)
EMU Variable FVB Started
EMU Variable FVB: Using pre-reserved block at 7FEBC000
EMU Variable FVB: Basic FV headers were invalid
Installing FVB for EMU Variable support
InstallProtocolInterface: 8F644FA9-E850-4DB1-9CE2-0B44698E8DA4 7FBB6140
InstallProtocolInterface: 09576E91-6D3F-11D2-8E39-00A0C969723B 7FBB6108
Loading driver CBD2E4D5-7068-4FF5-B462-9822B4AD8D60
InstallProtocolInterface: 5B1B31A1-9562-11D2-8E3F-00A0C969723B 7F31AB40
Loading driver at 0x0007FBA4000 EntryPoint=0x0007FBA5000 VariableRuntimeDxe.efi
InstallProtocolInterface: BC62157E-3E33-4FEC-9920-2D3B36D750DF 7F31AA98
ProtectUefiImageCommon - 0x7F31AB40
  - 0x000000007FBA4000 - 0x000000000000E000
SetUefiImageMemoryAttributes - 0x000000007FBA4000 - 0x0000000000001000 (0x0000000000004008)
SetUefiImageMemoryAttributes - 0x000000007FBA5000 - 0x000000000000B000 (0x0000000000020008)
SetUefiImageMemoryAttributes - 0x000000007FBB0000 - 0x0000000000002000 (0x0000000000004008)
VarCheckLibRegisterSetVariableCheckHandler - 0x7FBAC6E2 Success
Variable driver common space: 0x3FF9C 0x3FF9C 0x3FF9C
Variable driver will work with auth variable format!
InstallProtocolInterface: CD3D0A05-9E24-437C-A891-1EE053DB7638 7FBB04B0
InstallProtocolInterface: AF23B340-97B4-4685-8D4F-A3F28169B21D 7FBB0050
InstallProtocolInterface: 1E5668E2-8481-11D4-BCF1-0080C73C8881 0
Loading driver 6C2004EF-4E0E-4BE4-B14C-340EB4AA5891
InstallProtocolInterface: 5B1B31A1-9562-11D2-8E3F-00A0C969723B 7F319CC0
Loading driver at 0x0007FB9E000 EntryPoint=0x0007FB9F2C0 StatusCodeHandlerRuntimeDxe.efi
InstallProtocolInterface: BC62157E-3E33-4FEC-9920-2D3B36D750DF 7F319B18
ProtectUefiImageCommon - 0x7F319CC0
  - 0x000000007FB9E000 - 0x0000000000006000
SetUefiImageMemoryAttributes - 0x000000007FB9E000 - 0x0000000000001000 (0x0000000000004008)
SetUefiImageMemoryAttributes - 0x000000007FB9F000 - 0x0000000000003000 (0x0000000000020008)
SetUefiImageMemoryAttributes - 0x000000007FBA2000 - 0x0000000000002000 (0x0000000000004008)
Loading driver F2765DEC-6B41-11D5-8E71-00902707B35E
InstallProtocolInterface: 5B1B31A1-9562-11D2-8E3F-00A0C969723B 7F314040
Loading driver at 0x0007FB24000 EntryPoint=0x0007FB25190 Timer.efi
InstallProtocolInterface: BC62157E-3E33-4FEC-9920-2D3B36D750DF 7F319298
ProtectUefiImageCommon - 0x7F314040
  - 0x000000007FB24000 - 0x0000000000001F40
InstallProtocolInterface: 26BACCB3-6F42-11D4-BCE7-0080C73C8881 7FB25C40
Loading driver 128FB770-5E79-4176-9E51-9BB268A17DD1
InstallProtocolInterface: 5B1B31A1-9562-11D2-8E3F-00A0C969723B 7F3142C0
Loading driver at 0x0007FB19000 EntryPoint=0x0007FB19240 PciHostBridgeDxe.efi
InstallProtocolInterface: BC62157E-3E33-4FEC-9920-2D3B36D750DF 7F314C98
ProtectUefiImageCommon - 0x7F3142C0
  - 0x000000007FB19000 - 0x000000000000A380
Select Item: 0x0
FW CFG Signature: 0x554D4551
Select Item: 0x1
FW CFG Revision: 0x3
QemuFwCfg interface (DMA) is supported.
Select Item: 0x19
InitRootBridge: populated root bus 0, with room for 255 subordinate bus(es)
RootBridge: PciRoot(0x0)
  Support/Attr: 70069 / 70069
    DmaAbove4G: No
NoExtConfSpace: No
     AllocAttr: 3 (CombineMemPMem Mem64Decode)
           Bus: 0 - FF Translation=0
            Io: 6000 - FFFF Translation=0
           Mem: 80000000 - DFFFFFFF Translation=0
    MemAbove4G: 800000000 - FFFFFFFFF Translation=0
          PMem: FFFFFFFFFFFFFFFF - 0 Translation=0
   PMemAbove4G: FFFFFFFFFFFFFFFF - 0 Translation=0
InstallProtocolInterface: CF8034BE-6768-4D8B-B739-7CCE683A9FBE 7F3147C0
InstallProtocolInterface: 09576E91-6D3F-11D2-8E39-00A0C969723B 7F314898
InstallProtocolInterface: 2F707EBB-4A1A-11D4-9A38-0090273FC14D 7F3181F0
Loading driver EBF342FE-B1D3-4EF8-957C-8048606FF671
InstallProtocolInterface: 5B1B31A1-9562-11D2-8E3F-00A0C969723B 7F318540
Loading driver at 0x0007FAFF000 EntryPoint=0x0007FB09839 SetupBrowser.efi
InstallProtocolInterface: BC62157E-3E33-4FEC-9920-2D3B36D750DF 7F318898
ProtectUefiImageCommon - 0x7F318540
  - 0x000000007FAFF000 - 0x0000000000019FC0
InstallProtocolInterface: B9D4C360-BCFB-4F9B-9298-53C136982258 7FB18AB0
InstallProtocolInterface: A770C357-B693-4E6D-A6CF-D21C728E550B 7FB18AE0
InstallProtocolInterface: 1F73B18D-4630-43C1-A1DE-6F80855D7DA4 7FB18AC0
Loading driver F9D88642-0737-49BC-81B5-6889CD57D9EA
InstallProtocolInterface: 5B1B31A1-9562-11D2-8E3F-00A0C969723B 7F3172C0
Loading driver at 0x0007FAF9000 EntryPoint=0x0007FAFA1C2 SmbiosDxe.efi
InstallProtocolInterface: BC62157E-3E33-4FEC-9920-2D3B36D750DF 7F317518
ProtectUefiImageCommon - 0x7F3172C0
  - 0x000000007FAF9000 - 0x0000000000005840
Select Item: 0x0
FW CFG Signature: 0x554D4551
Select Item: 0x1
FW CFG Revision: 0x3
QemuFwCfg interface (DMA) is supported.
Select Item: 0x19
Select Item: 0x19
Select Item: 0x25
DetectSmbiosVersion: SMBIOS version from QEMU: 0x0208
InstallProtocolInterface: 03583FF6-CB36-4940-947E-B9B39F4AFAF7 7FAFE670
Loading driver 49970331-E3FA-4637-9ABC-3B7868676970
InstallProtocolInterface: 5B1B31A1-9562-11D2-8E3F-00A0C969723B 7F313B40
Loading driver at 0x0007FAF0000 EntryPoint=0x0007FAF3F7F AcpiPlatform.efi
InstallProtocolInterface: BC62157E-3E33-4FEC-9920-2D3B36D750DF 7F313E18
ProtectUefiImageCommon - 0x7F313B40
  - 0x000000007FAF0000 - 0x0000000000008380
Select Item: 0x0
FW CFG Signature: 0x554D4551
Select Item: 0x1
FW CFG Revision: 0x3
QemuFwCfg interface (DMA) is supported.
AcpiPlatformEntryPoint: waiting for root bridges to be connected, registered callback
Loading driver BDCE85BB-FBAA-4F4E-9264-501A2C249581
InstallProtocolInterface: 5B1B31A1-9562-11D2-8E3F-00A0C969723B 7F313140
Loading driver at 0x0007FAE9000 EntryPoint=0x0007FAE9240 S3SaveStateDxe.efi
InstallProtocolInterface: BC62157E-3E33-4FEC-9920-2D3B36D750DF 7F313698
ProtectUefiImageCommon - 0x7F313140
  - 0x000000007FAE9000 - 0x0000000000006D00
Select Item: 0x0
FW CFG Signature: 0x554D4551
Select Item: 0x1
FW CFG Revision: 0x3
QemuFwCfg interface (DMA) is supported.
Select Item: 0x19
Select Item: 0x2A
InstallProtocolInterface: BD445D79-B7AD-4F04-9AD8-29BD2040EB3C 0
InstallProtocolInterface: E857CAF6-C046-45DC-BE3F-EE0765FBA887 7FAEF840
Loading driver A487A478-51EF-48AA-8794-7BEE2A0562F1
InstallProtocolInterface: 5B1B31A1-9562-11D2-8E3F-00A0C969723B 7F3120C0
Loading driver at 0x0007FADE000 EntryPoint=0x0007FAE471E tftpDynamicCommand.efi
InstallProtocolInterface: BC62157E-3E33-4FEC-9920-2D3B36D750DF 7F312A18
InstallProtocolInterface: 6A1EE763-D47A-43B4-AABE-EF1DE2AB56FC 7FAE7470
ProtectUefiImageCommon - 0x7F3120C0
  - 0x000000007FADE000 - 0x000000000000B000
InstallProtocolInterface: 3C7200E9-005F-4EA4-87DE-A3DFAC8A27C3 7FAE7170
Loading driver F74D20EE-37E7-48FC-97F7-9B1047749C69
InstallProtocolInterface: 5B1B31A1-9562-11D2-8E3F-00A0C969723B 7F311B40
Loading driver at 0x0007FAD9000 EntryPoint=0x0007FADA05B LogoDxe.efi
InstallProtocolInterface: BC62157E-3E33-4FEC-9920-2D3B36D750DF 7F311E98
InstallProtocolInterface: 6A1EE763-D47A-43B4-AABE-EF1DE2AB56FC 7FADACF0
ProtectUefiImageCommon - 0x7F311B40
  - 0x000000007FAD9000 - 0x0000000000004C80
InstallProtocolInterface: 53CD299F-2BC1-40C0-8C07-23F64FDB30E0 7FADAA00
Loading driver DCE1B094-7DC6-45D0-9FDD-D7FC3CC3E4EF
InstallProtocolInterface: 5B1B31A1-9562-11D2-8E3F-00A0C969723B 7F30BB40
Loading driver at 0x0007FAD4000 EntryPoint=0x0007FAD4240 QemuRamfbDxe.efi
InstallProtocolInterface: BC62157E-3E33-4FEC-9920-2D3B36D750DF 7F30BE98
ProtectUefiImageCommon - 0x7F30BB40
  - 0x000000007FAD4000 - 0x0000000000004A00
Select Item: 0x0
FW CFG Signature: 0x554D4551
Select Item: 0x1
FW CFG Revision: 0x3
QemuFwCfg interface (DMA) is supported.
Select Item: 0x19
Error: Image at 0007FAD4000 start failed: Not Found
Loading driver FE5CEA76-4F72-49E8-986F-2CD899DFFE5D
InstallProtocolInterface: 5B1B31A1-9562-11D2-8E3F-00A0C969723B 7F30BB40
Loading driver at 0x0007FAD3000 EntryPoint=0x0007FAD606F FaultTolerantWriteDxe.efi
InstallProtocolInterface: BC62157E-3E33-4FEC-9920-2D3B36D750DF 7F30B098
ProtectUefiImageCommon - 0x7F30BB40
  - 0x000000007FAD3000 - 0x0000000000005A80
Ftw: FtwWorkSpaceLba - 0x40, WorkBlockSize  - 0x1000, FtwWorkSpaceBase - 0x0
Ftw: FtwSpareLba     - 0x42, SpareBlockSize - 0x1000
Ftw: NumberOfWorkBlock - 0x1, FtwWorkBlockLba - 0x40
Ftw: WorkSpaceLbaInSpare - 0x0, WorkSpaceBaseInSpare - 0x0
Ftw: Remaining work space size - FE0
Ftw: Work block header check mismatch
Ftw: Work block header check mismatch
Ftw: Both working and spare blocks are invalid, init workspace
Ftw: start to reclaim work space
Ftw: reclaim work space successfully
InstallProtocolInterface: 3EBD9E82-2C78-4DE6-9786-8D4BFCB7C881 7F309028
NOTICE - AuthVariableLibInitialize() returns Unsupported!
Variable driver will continue to work without auth variable support!
[Variable] Lock: BB983CCF-151D-40E1-A07B-4A17BE168292:MemoryOverwriteRequestControlLock Success
[Variable] Lock: E20939BE-32D4-41BE-A150-897F85D49829:MemoryOverwriteRequestControl Success
RecordSecureBootPolicyVarData GetVariable SecureBoot Status E
InstallProtocolInterface: 6441F818-6362-4E44-B570-7DBA31DD2453 0
Loading driver 378D7B65-8DA9-4773-B6E4-A47826A833E1
InstallProtocolInterface: 5B1B31A1-9562-11D2-8E3F-00A0C969723B 7F30B3C0
Loading driver at 0x0007EA85000 EntryPoint=0x0007EA8622A PcRtc.efi
InstallProtocolInterface: BC62157E-3E33-4FEC-9920-2D3B36D750DF 7F30B818
ProtectUefiImageCommon - 0x7F30B3C0
  - 0x000000007EA85000 - 0x0000000000007000
SetUefiImageMemoryAttributes - 0x000000007EA85000 - 0x0000000000001000 (0x0000000000004008)
SetUefiImageMemoryAttributes - 0x000000007EA86000 - 0x0000000000004000 (0x0000000000020008)
SetUefiImageMemoryAttributes - 0x000000007EA8A000 - 0x0000000000002000 (0x0000000000004008)
InstallProtocolInterface: 27CFAC87-46CC-11D4-9A38-0090273FC14D 0
Loading driver F099D67F-71AE-4C36-B2A3-DCEB0EB2B7D8
InstallProtocolInterface: 5B1B31A1-9562-11D2-8E3F-00A0C969723B 7F3001C0
Loading driver at 0x0007FAD0000 EntryPoint=0x0007FAD1126 WatchdogTimer.efi
InstallProtocolInterface: BC62157E-3E33-4FEC-9920-2D3B36D750DF 7F300A18
ProtectUefiImageCommon - 0x7F3001C0
  - 0x000000007FAD0000 - 0x0000000000002080
InstallProtocolInterface: 665E3FF5-46CC-11D4-9A38-0090273FC14D 7FAD1D40
Loading driver AD608272-D07F-4964-801E-7BD3B7888652
InstallProtocolInterface: 5B1B31A1-9562-11D2-8E3F-00A0C969723B 7F308B40
Loading driver at 0x0007EA7B000 EntryPoint=0x0007EA7CE92 MonotonicCounterRuntimeDxe.efi
InstallProtocolInterface: BC62157E-3E33-4FEC-9920-2D3B36D750DF 7F308098
ProtectUefiImageCommon - 0x7F308B40
  - 0x000000007EA7B000 - 0x0000000000005000
SetUefiImageMemoryAttributes - 0x000000007EA7B000 - 0x0000000000001000 (0x0000000000004008)
SetUefiImageMemoryAttributes - 0x000000007EA7C000 - 0x0000000000002000 (0x0000000000020008)
SetUefiImageMemoryAttributes - 0x000000007EA7E000 - 0x0000000000002000 (0x0000000000004008)
InstallProtocolInterface: 1DA97072-BDDC-4B30-99F1-72A0B56FFF2A 0
Loading driver 42857F0A-13F2-4B21-8A23-53D3F714B840
InstallProtocolInterface: 5B1B31A1-9562-11D2-8E3F-00A0C969723B 7F3082C0
Loading driver at 0x0007EA70000 EntryPoint=0x0007EA71227 CapsuleRuntimeDxe.efi
InstallProtocolInterface: BC62157E-3E33-4FEC-9920-2D3B36D750DF 7F2FFF98
ProtectUefiImageCommon - 0x7F3082C0
  - 0x000000007EA70000 - 0x0000000000006000
SetUefiImageMemoryAttributes - 0x000000007EA70000 - 0x0000000000001000 (0x0000000000004008)
SetUefiImageMemoryAttributes - 0x000000007EA71000 - 0x0000000000003000 (0x0000000000020008)
SetUefiImageMemoryAttributes - 0x000000007EA74000 - 0x0000000000002000 (0x0000000000004008)
InstallProtocolInterface: 5053697E-2CBC-4819-90D9-0580DEEE5754 0
Loading driver EBF8ED7C-0DD1-4787-84F1-F48D537DCACF
InstallProtocolInterface: 5B1B31A1-9562-11D2-8E3F-00A0C969723B 7F2FF840
Loading driver at 0x0007FAC9000 EntryPoint=0x0007FAC977C DriverHealthManagerDxe.efi
InstallProtocolInterface: BC62157E-3E33-4FEC-9920-2D3B36D750DF 7F2FF698
ProtectUefiImageCommon - 0x7F2FF840
  - 0x000000007FAC9000 - 0x0000000000006580
InstallProtocolInterface: 09576E91-6D3F-11D2-8E39-00A0C969723B 7FACEDA0
InstallProtocolInterface: 330D4706-F2A0-4E4F-A369-B66FA8D54385 7FACED70
Loading driver 6D33944A-EC75-4855-A54D-809C75241F6C
InstallProtocolInterface: 5B1B31A1-9562-11D2-8E3F-00A0C969723B 7F3060C0
Loading driver at 0x0007FAAD000 EntryPoint=0x0007FAB4D97 BdsDxe.efi
InstallProtocolInterface: BC62157E-3E33-4FEC-9920-2D3B36D750DF 7F306A98
ProtectUefiImageCommon - 0x7F3060C0
  - 0x000000007FAAD000 - 0x000000000001B900
Select Item: 0x0
FW CFG Signature: 0x554D4551
Select Item: 0x1
FW CFG Revision: 0x3
QemuFwCfg interface (DMA) is supported.
InstallProtocolInterface: 665E3FF6-46CC-11D4-9A38-0090273FC14D 7FAC8160
Loading driver 28A03FF4-12B3-4305-A417-BB1A4F94081E
InstallProtocolInterface: 5B1B31A1-9562-11D2-8E3F-00A0C969723B 7F307340
Loading driver at 0x0007FAA1000 EntryPoint=0x0007FAA29F3 RamDiskDxe.efi
InstallProtocolInterface: BC62157E-3E33-4FEC-9920-2D3B36D750DF 7F306798
ProtectUefiImageCommon - 0x7F307340
  - 0x000000007FAA1000 - 0x000000000000B180
InstallProtocolInterface: 09576E91-6D3F-11D2-8E39-00A0C969723B 7F306598
InstallProtocolInterface: 330D4706-F2A0-4E4F-A369-B66FA8D54385 7FAABCD8
InstallProtocolInterface: 09576E91-6D3F-11D2-8E39-00A0C969723B 7FAAB9E0
InstallProtocolInterface: 330D4706-F2A0-4E4F-A369-B66FA8D54385 7F304430
InstallProtocolInterface: AB38A0DF-6873-44A9-87E6-D4EB56148449 7FAAAF80
InstallProtocolInterface: 28A03FF4-12B3-4305-A417-BB1A4F94081E 7F304418
Loading driver E660EA85-058E-4B55-A54B-F02F83A24707
InstallProtocolInterface: 5B1B31A1-9562-11D2-8E3F-00A0C969723B 7F303740
Loading driver at 0x0007FA8D000 EntryPoint=0x0007FA936CC DisplayEngine.efi
InstallProtocolInterface: BC62157E-3E33-4FEC-9920-2D3B36D750DF 7F303A98
ProtectUefiImageCommon - 0x7F303740
  - 0x000000007FA8D000 - 0x0000000000013980
InstallProtocolInterface: 9BBE29E9-FDA1-41EC-AD52-452213742D2E 7FA9E4D0
InstallProtocolInterface: 4311EDC0-6054-46D4-9E40-893EA952FCCC 7FA9E4E8
Loading driver 4110465D-5FF3-4F4B-B580-24ED0D06747A
InstallProtocolInterface: 5B1B31A1-9562-11D2-8E3F-00A0C969723B 7F2FD140
Loading driver at 0x0007FA89000 EntryPoint=0x0007FA896DF SmbiosPlatformDxe.efi
InstallProtocolInterface: BC62157E-3E33-4FEC-9920-2D3B36D750DF 7F2FD398
ProtectUefiImageCommon - 0x7F2FD140
  - 0x000000007FA89000 - 0x0000000000003480
Select Item: 0x0
FW CFG Signature: 0x554D4551
Select Item: 0x1
FW CFG Revision: 0x3
QemuFwCfg interface (DMA) is supported.
Select Item: 0x19
Select Item: 0x26
SmbiosAdd: Smbios type 1 with size 0x4B is added to 32-bit table
SmbiosCreateTable: Initialize 32-bit entry point structure
SmbiosCreateTable() re-allocate SMBIOS 32-bit table
SmbiosAdd: Smbios type 3 with size 0x27 is added to 32-bit table
SmbiosAdd: Smbios type 4 with size 0x41 is added to 32-bit table
SmbiosAdd: Smbios type 16 with size 0x19 is added to 32-bit table
SmbiosAdd: Smbios type 17 with size 0x35 is added to 32-bit table
SmbiosAdd: Smbios type 19 with size 0x21 is added to 32-bit table
SmbiosAdd: Smbios type 19 with size 0x21 is added to 32-bit table
SmbiosAdd: Smbios type 32 with size 0xD is added to 32-bit table
SmbiosAdd: Smbios type 0 with size 0x4A is added to 32-bit table
Loading driver FA20568B-548B-4B2B-81EF-1BA08D4A3CEC
InstallProtocolInterface: 5B1B31A1-9562-11D2-8E3F-00A0C969723B 7F2EA040
Loading driver at 0x0007FA7A000 EntryPoint=0x0007FA7C12A BootScriptExecutorDxe.efi
InstallProtocolInterface: BC62157E-3E33-4FEC-9920-2D3B36D750DF 7F2FA098
ProtectUefiImageCommon - 0x7F2EA040
  - 0x000000007FA7A000 - 0x000000000000E6C0
Select Item: 0x0
FW CFG Signature: 0x554D4551
Select Item: 0x1
FW CFG Revision: 0x3
QemuFwCfg interface (DMA) is supported.
Select Item: 0x19
Select Item: 0x2A
Loading driver D9DCC5DF-4007-435E-9098-8970935504B2
InstallProtocolInterface: 5B1B31A1-9562-11D2-8E3F-00A0C969723B 7F2EA2C0
Loading driver at 0x0007FA74000 EntryPoint=0x0007FA746A4 PlatformDxe.efi
InstallProtocolInterface: BC62157E-3E33-4FEC-9920-2D3B36D750DF 7F2EA518
ProtectUefiImageCommon - 0x7F2EA2C0
  - 0x000000007FA74000 - 0x0000000000005180
InstallProtocolInterface: 09576E91-6D3F-11D2-8E39-00A0C969723B 7FA78D60
InstallProtocolInterface: 330D4706-F2A0-4E4F-A369-B66FA8D54385 7FA78FB0
Loading driver 93B80004-9FB3-11D4-9A3A-0090273FC14D
InstallProtocolInterface: 5B1B31A1-9562-11D2-8E3F-00A0C969723B 7F2F9040
Loading driver at 0x0007FA64000 EntryPoint=0x0007FA66894 PciBusDxe.efi
InstallProtocolInterface: BC62157E-3E33-4FEC-9920-2D3B36D750DF 7F2F9598
ProtectUefiImageCommon - 0x7F2F9040
  - 0x000000007FA64000 - 0x000000000000FF80
InstallProtocolInterface: 18A031AB-B443-4D1A-A5C0-0C09261E9F71 7FA73AE0
InstallProtocolInterface: 107A772C-D5E1-11D4-9A46-0090273FC14D 7FA73C40
InstallProtocolInterface: 6A7A5CFF-E8D9-4F70-BADA-75AB3025CE14 7FA738F0
InstallProtocolInterface: 19CB87AB-2CB9-4665-8360-DDCF6054F79D 7FA738D0
Loading driver 83DD3B39-7CAF-4FAC-A542-E050B767E3A7
InstallProtocolInterface: 5B1B31A1-9562-11D2-8E3F-00A0C969723B 7F2F80C0
Loading driver at 0x0007FA60000 EntryPoint=0x0007FA605A8 VirtioPciDeviceDxe.efi
InstallProtocolInterface: BC62157E-3E33-4FEC-9920-2D3B36D750DF 7F2F8A18
ProtectUefiImageCommon - 0x7F2F80C0
  - 0x000000007FA60000 - 0x00000000000032C0
InstallProtocolInterface: 18A031AB-B443-4D1A-A5C0-0C09261E9F71 7FA62EA0
InstallProtocolInterface: 107A772C-D5E1-11D4-9A46-0090273FC14D 7FA62FC0
InstallProtocolInterface: 6A7A5CFF-E8D9-4F70-BADA-75AB3025CE14 7FA62E70
Loading driver 0170F60C-1D40-4651-956D-F0BD9879D527
InstallProtocolInterface: 5B1B31A1-9562-11D2-8E3F-00A0C969723B 7F2F8440
Loading driver at 0x0007FA5A000 EntryPoint=0x0007FA5B8A3 Virtio10.efi
InstallProtocolInterface: BC62157E-3E33-4FEC-9920-2D3B36D750DF 7F2F1F18
ProtectUefiImageCommon - 0x7F2F8440
  - 0x000000007FA5A000 - 0x0000000000005400
InstallProtocolInterface: 18A031AB-B443-4D1A-A5C0-0C09261E9F71 7FA5EFE0
InstallProtocolInterface: 107A772C-D5E1-11D4-9A46-0090273FC14D 7FA5F100
InstallProtocolInterface: 6A7A5CFF-E8D9-4F70-BADA-75AB3025CE14 7FA5EFB0
Loading driver 11D92DFB-3CA9-4F93-BA2E-4780ED3E03B5
InstallProtocolInterface: 5B1B31A1-9562-11D2-8E3F-00A0C969723B 7F2F10C0
Loading driver at 0x0007FA56000 EntryPoint=0x0007FA568DC VirtioBlkDxe.efi
InstallProtocolInterface: BC62157E-3E33-4FEC-9920-2D3B36D750DF 7F2F1A98
ProtectUefiImageCommon - 0x7F2F10C0
  - 0x000000007FA56000 - 0x00000000000038C0
InstallProtocolInterface: 18A031AB-B443-4D1A-A5C0-0C09261E9F71 7FA595A0
InstallProtocolInterface: 107A772C-D5E1-11D4-9A46-0090273FC14D 7FA59620
InstallProtocolInterface: 6A7A5CFF-E8D9-4F70-BADA-75AB3025CE14 7FA59570
Loading driver FAB5D4F4-83C0-4AAF-8480-442D11DF6CEA
InstallProtocolInterface: 5B1B31A1-9562-11D2-8E3F-00A0C969723B 7F2F3040
Loading driver at 0x0007FA52000 EntryPoint=0x0007FA524BA VirtioScsiDxe.efi
InstallProtocolInterface: BC62157E-3E33-4FEC-9920-2D3B36D750DF 7F2F1598
ProtectUefiImageCommon - 0x7F2F3040
  - 0x000000007FA52000 - 0x0000000000003DC0
InstallProtocolInterface: 18A031AB-B443-4D1A-A5C0-0C09261E9F71 7FA55AA0
InstallProtocolInterface: 107A772C-D5E1-11D4-9A46-0090273FC14D 7FA55B20
InstallProtocolInterface: 6A7A5CFF-E8D9-4F70-BADA-75AB3025CE14 7FA55A70
Loading driver 58E26F0D-CBAC-4BBA-B70F-18221415665A
InstallProtocolInterface: 5B1B31A1-9562-11D2-8E3F-00A0C969723B 7F2F39C0
Loading driver at 0x0007FA4E000 EntryPoint=0x0007FA4F06C VirtioRngDxe.efi
InstallProtocolInterface: BC62157E-3E33-4FEC-9920-2D3B36D750DF 7F2F3918
ProtectUefiImageCommon - 0x7F2F39C0
  - 0x000000007FA4E000 - 0x00000000000032C0
InstallProtocolInterface: 18A031AB-B443-4D1A-A5C0-0C09261E9F71 7FA50FE0
InstallProtocolInterface: 107A772C-D5E1-11D4-9A46-0090273FC14D 7FA50F60
InstallProtocolInterface: 6A7A5CFF-E8D9-4F70-BADA-75AB3025CE14 7FA50FB0
Loading driver CF569F50-DE44-4F54-B4D7-F4AE25CDA599
InstallProtocolInterface: 5B1B31A1-9562-11D2-8E3F-00A0C969723B 7F2F4040
Loading driver at 0x0007FA4B000 EntryPoint=0x0007FA4C4C1 XenIoPciDxe.efi
InstallProtocolInterface: BC62157E-3E33-4FEC-9920-2D3B36D750DF 7F2F3498
ProtectUefiImageCommon - 0x7F2F4040
  - 0x000000007FA4B000 - 0x00000000000028C0
InstallProtocolInterface: 18A031AB-B443-4D1A-A5C0-0C09261E9F71 7FA4D700
InstallProtocolInterface: 107A772C-D5E1-11D4-9A46-0090273FC14D 7FA4D540
InstallProtocolInterface: 6A7A5CFF-E8D9-4F70-BADA-75AB3025CE14 7FA4D6D0
Loading driver 565EC8BA-A484-11E3-802B-B8AC6F7D65E6
InstallProtocolInterface: 5B1B31A1-9562-11D2-8E3F-00A0C969723B 7F2F4440
Loading driver at 0x0007FA41000 EntryPoint=0x0007FA430B5 XenBusDxe.efi
InstallProtocolInterface: BC62157E-3E33-4FEC-9920-2D3B36D750DF 7F2F4B98
ProtectUefiImageCommon - 0x7F2F4440
  - 0x000000007FA41000 - 0x0000000000009640
Error: Image at 0007FA41000 start failed: Aborted
Loading driver 8C2487EA-9AF3-11E3-B966-B8AC6F7D65E6
InstallProtocolInterface: 5B1B31A1-9562-11D2-8E3F-00A0C969723B 7F2F4440
Loading driver at 0x0007FA46000 EntryPoint=0x0007FA46414 XenPvBlkDxe.efi
InstallProtocolInterface: BC62157E-3E33-4FEC-9920-2D3B36D750DF 7F2F4B18
ProtectUefiImageCommon - 0x7F2F4440
  - 0x000000007FA46000 - 0x0000000000004F40
InstallProtocolInterface: 18A031AB-B443-4D1A-A5C0-0C09261E9F71 7FA4ABC0
InstallProtocolInterface: 107A772C-D5E1-11D4-9A46-0090273FC14D 7FA4AB30
InstallProtocolInterface: 6A7A5CFF-E8D9-4F70-BADA-75AB3025CE14 7FA4ABA0
Loading driver 51CCF399-4FDF-4E55-A45B-E123F84D456A
InstallProtocolInterface: 5B1B31A1-9562-11D2-8E3F-00A0C969723B 7F2F7B40
Loading driver at 0x0007FA41000 EntryPoint=0x0007FA41679 ConPlatformDxe.efi
InstallProtocolInterface: BC62157E-3E33-4FEC-9920-2D3B36D750DF 7F2F4718
ProtectUefiImageCommon - 0x7F2F7B40
  - 0x000000007FA41000 - 0x0000000000004400
InstallProtocolInterface: 18A031AB-B443-4D1A-A5C0-0C09261E9F71 7FA44F40
InstallProtocolInterface: 107A772C-D5E1-11D4-9A46-0090273FC14D 7FA45010
InstallProtocolInterface: 6A7A5CFF-E8D9-4F70-BADA-75AB3025CE14 7FA44FF0
InstallProtocolInterface: 18A031AB-B443-4D1A-A5C0-0C09261E9F71 7FA44F00
InstallProtocolInterface: 107A772C-D5E1-11D4-9A46-0090273FC14D 7FA45010
InstallProtocolInterface: 6A7A5CFF-E8D9-4F70-BADA-75AB3025CE14 7FA44FF0
Loading driver 408EDCEC-CF6D-477C-A5A8-B4844E3DE281
InstallProtocolInterface: 5B1B31A1-9562-11D2-8E3F-00A0C969723B 7F2F71C0
Loading driver at 0x0007FA38000 EntryPoint=0x0007FA3878F ConSplitterDxe.efi
InstallProtocolInterface: BC62157E-3E33-4FEC-9920-2D3B36D750DF 7F2F7518
ProtectUefiImageCommon - 0x7F2F71C0
  - 0x000000007FA38000 - 0x0000000000008140
InstallProtocolInterface: 18A031AB-B443-4D1A-A5C0-0C09261E9F71 7FA3F6E0
InstallProtocolInterface: 107A772C-D5E1-11D4-9A46-0090273FC14D 7FA3F6C0
InstallProtocolInterface: 6A7A5CFF-E8D9-4F70-BADA-75AB3025CE14 7FA3F640
InstallProtocolInterface: 18A031AB-B443-4D1A-A5C0-0C09261E9F71 7FA3F760
InstallProtocolInterface: 107A772C-D5E1-11D4-9A46-0090273FC14D 7FA3F740
InstallProtocolInterface: 6A7A5CFF-E8D9-4F70-BADA-75AB3025CE14 7FA3F620
InstallProtocolInterface: 18A031AB-B443-4D1A-A5C0-0C09261E9F71 7FA3F7E0
InstallProtocolInterface: 107A772C-D5E1-11D4-9A46-0090273FC14D 7FA3F7C0
InstallProtocolInterface: 6A7A5CFF-E8D9-4F70-BADA-75AB3025CE14 7FA3F600
InstallProtocolInterface: 18A031AB-B443-4D1A-A5C0-0C09261E9F71 7FA3F860
InstallProtocolInterface: 107A772C-D5E1-11D4-9A46-0090273FC14D 7FA3F840
InstallProtocolInterface: 6A7A5CFF-E8D9-4F70-BADA-75AB3025CE14 7FA3F5E0
InstallProtocolInterface: 18A031AB-B443-4D1A-A5C0-0C09261E9F71 7FA3F8E0
InstallProtocolInterface: 107A772C-D5E1-11D4-9A46-0090273FC14D 7FA3F8C0
InstallProtocolInterface: 6A7A5CFF-E8D9-4F70-BADA-75AB3025CE14 7FA3F5C0
InstallProtocolInterface: 387477C1-69C7-11D2-8E39-00A0C969723B 7FA3FAF0
InstallProtocolInterface: DD9E7534-7762-4698-8C14-F58517A625AA 7FA3FB20
InstallProtocolInterface: 31878C87-0B75-11D5-9A4F-0090273FC14D 7FA3FB90
InstallProtocolInterface: 8D59D32B-C655-4AE9-9B15-F25904992A43 7FA3FBE8
InstallProtocolInterface: 387477C2-69C7-11D2-8E39-00A0C969723B 7FA3F990
InstallProtocolInterface: 387477C2-69C7-11D2-8E39-00A0C969723B 7FA3FCB0
Loading driver CCCB0C28-4B24-11D5-9A5A-0090273FC14D
InstallProtocolInterface: 5B1B31A1-9562-11D2-8E3F-00A0C969723B 7F2F07C0
Loading driver at 0x0007FA31000 EntryPoint=0x0007FA31787 GraphicsConsoleDxe.efi
InstallProtocolInterface: BC62157E-3E33-4FEC-9920-2D3B36D750DF 7F2F6B98
ProtectUefiImageCommon - 0x7F2F07C0
  - 0x000000007FA31000 - 0x0000000000006180
InstallProtocolInterface: 18A031AB-B443-4D1A-A5C0-0C09261E9F71 7FA35720
InstallProtocolInterface: 107A772C-D5E1-11D4-9A46-0090273FC14D 7FA357C0
InstallProtocolInterface: 6A7A5CFF-E8D9-4F70-BADA-75AB3025CE14 7FA35700
Loading driver 9E863906-A40F-4875-977F-5B93FF237FC6
InstallProtocolInterface: 5B1B31A1-9562-11D2-8E3F-00A0C969723B 7F2EFB40
Loading driver at 0x0007FA28000 EntryPoint=0x0007FA2D586 TerminalDxe.efi
InstallProtocolInterface: BC62157E-3E33-4FEC-9920-2D3B36D750DF 7F2EFE98
ProtectUefiImageCommon - 0x7F2EFB40
  - 0x000000007FA28000 - 0x0000000000008080
InstallProtocolInterface: 18A031AB-B443-4D1A-A5C0-0C09261E9F71 7FA2FDA0
InstallProtocolInterface: 107A772C-D5E1-11D4-9A46-0090273FC14D 7FA2F860
InstallProtocolInterface: 6A7A5CFF-E8D9-4F70-BADA-75AB3025CE14 7FA2F840
Loading driver 6B38F7B4-AD98-40E9-9093-ACA2B5A253C4
InstallProtocolInterface: 5B1B31A1-9562-11D2-8E3F-00A0C969723B 7F2EF1C0
Loading driver at 0x0007FA23000 EntryPoint=0x0007FA24C51 DiskIoDxe.efi
InstallProtocolInterface: BC62157E-3E33-4FEC-9920-2D3B36D750DF 7F2EF498
ProtectUefiImageCommon - 0x7F2EF1C0
  - 0x000000007FA23000 - 0x0000000000005000
InstallProtocolInterface: 18A031AB-B443-4D1A-A5C0-0C09261E9F71 7FA27D60
InstallProtocolInterface: 107A772C-D5E1-11D4-9A46-0090273FC14D 7FA27DC0
InstallProtocolInterface: 6A7A5CFF-E8D9-4F70-BADA-75AB3025CE14 7FA27D30
Loading driver 1FA1F39E-FEFF-4AAE-BD7B-38A070A3B609
InstallProtocolInterface: 5B1B31A1-9562-11D2-8E3F-00A0C969723B 7F2EECC0
Loading driver at 0x0007FA1C000 EntryPoint=0x0007FA1C708 PartitionDxe.efi
InstallProtocolInterface: BC62157E-3E33-4FEC-9920-2D3B36D750DF 7F2EE118
ProtectUefiImageCommon - 0x7F2EECC0
  - 0x000000007FA1C000 - 0x0000000000006B80
InstallProtocolInterface: 18A031AB-B443-4D1A-A5C0-0C09261E9F71 7FA22760
InstallProtocolInterface: 107A772C-D5E1-11D4-9A46-0090273FC14D 7FA227C0
InstallProtocolInterface: 6A7A5CFF-E8D9-4F70-BADA-75AB3025CE14 7FA22730
Loading driver CD3BAFB6-50FB-4FE8-8E4E-AB74D2C1A600
InstallProtocolInterface: 5B1B31A1-9562-11D2-8E3F-00A0C969723B 7F2EE340
Loading driver at 0x0007EA68000 EntryPoint=0x0007EA6930A EnglishDxe.efi
InstallProtocolInterface: BC62157E-3E33-4FEC-9920-2D3B36D750DF 7F2EE718
ProtectUefiImageCommon - 0x7F2EE340
  - 0x000000007EA68000 - 0x00000000000022C0
InstallProtocolInterface: 1D85CD7F-F43D-11D2-9A0C-0090273FC14D 7EA69CA0
InstallProtocolInterface: A4C751FC-23AE-4C3E-92E9-4964CF63F349 7EA69C40
Loading driver 0167CCC4-D0F7-4F21-A3EF-9E64B7CDCE8B
InstallProtocolInterface: 5B1B31A1-9562-11D2-8E3F-00A0C969723B 7F2ED1C0
Loading driver at 0x0007EA63000 EntryPoint=0x0007EA63E2C ScsiBus.efi
InstallProtocolInterface: BC62157E-3E33-4FEC-9920-2D3B36D750DF 7F2EDB98
ProtectUefiImageCommon - 0x7F2ED1C0
  - 0x000000007EA63000 - 0x0000000000004340
InstallProtocolInterface: 18A031AB-B443-4D1A-A5C0-0C09261E9F71 7EA66FE0
InstallProtocolInterface: 107A772C-D5E1-11D4-9A46-0090273FC14D 7EA66F60
InstallProtocolInterface: 6A7A5CFF-E8D9-4F70-BADA-75AB3025CE14 7EA66FB0
Loading driver 0A66E322-3740-4CCE-AD62-BD172CECCA35
InstallProtocolInterface: 5B1B31A1-9562-11D2-8E3F-00A0C969723B 7F2ED5C0
Loading driver at 0x0007EA59000 EntryPoint=0x0007EA5B720 ScsiDisk.efi
InstallProtocolInterface: BC62157E-3E33-4FEC-9920-2D3B36D750DF 7F2EC018
ProtectUefiImageCommon - 0x7F2ED5C0
  - 0x000000007EA59000 - 0x0000000000009B80
InstallProtocolInterface: 18A031AB-B443-4D1A-A5C0-0C09261E9F71 7EA627C0
InstallProtocolInterface: 107A772C-D5E1-11D4-9A46-0090273FC14D 7EA62890
InstallProtocolInterface: 6A7A5CFF-E8D9-4F70-BADA-75AB3025CE14 7EA62870
Loading driver 021722D8-522B-4079-852A-FE44C2C13F49
InstallProtocolInterface: 5B1B31A1-9562-11D2-8E3F-00A0C969723B 7F2EC140
Loading driver at 0x0007EA55000 EntryPoint=0x0007EA5621E SataController.efi
InstallProtocolInterface: BC62157E-3E33-4FEC-9920-2D3B36D750DF 7F2ECB18
ProtectUefiImageCommon - 0x7F2EC140
  - 0x000000007EA55000 - 0x0000000000003600
InstallProtocolInterface: 18A031AB-B443-4D1A-A5C0-0C09261E9F71 7EA582A0
InstallProtocolInterface: 107A772C-D5E1-11D4-9A46-0090273FC14D 7EA58280
InstallProtocolInterface: 6A7A5CFF-E8D9-4F70-BADA-75AB3025CE14 7EA58320
Loading driver 5E523CB4-D397-4986-87BD-A6DD8B22F455
InstallProtocolInterface: 5B1B31A1-9562-11D2-8E3F-00A0C969723B 7F2EC540
Loading driver at 0x0007EA4A000 EntryPoint=0x0007EA4BCB9 AtaAtapiPassThruDxe.efi
InstallProtocolInterface: BC62157E-3E33-4FEC-9920-2D3B36D750DF 7F2EBF98
ProtectUefiImageCommon - 0x7F2EC540
  - 0x000000007EA4A000 - 0x000000000000AE80
InstallProtocolInterface: 18A031AB-B443-4D1A-A5C0-0C09261E9F71 7EA54A20
InstallProtocolInterface: 107A772C-D5E1-11D4-9A46-0090273FC14D 7EA549E0
InstallProtocolInterface: 6A7A5CFF-E8D9-4F70-BADA-75AB3025CE14 7EA54800
Loading driver 19DF145A-B1D4-453F-8507-38816676D7F6
InstallProtocolInterface: 5B1B31A1-9562-11D2-8E3F-00A0C969723B 7F2EB140
Loading driver at 0x0007EA43000 EntryPoint=0x0007EA43240 AtaBusDxe.efi
InstallProtocolInterface: BC62157E-3E33-4FEC-9920-2D3B36D750DF 7F2EB398
ProtectUefiImageCommon - 0x7F2EB140
  - 0x000000007EA43000 - 0x0000000000006B40
InstallProtocolInterface: 18A031AB-B443-4D1A-A5C0-0C09261E9F71 7EA496C0
InstallProtocolInterface: 107A772C-D5E1-11D4-9A46-0090273FC14D 7EA49680
InstallProtocolInterface: 6A7A5CFF-E8D9-4F70-BADA-75AB3025CE14 7EA49710
Loading driver 5BE3BDF4-53CF-46A3-A6A9-73C34A6E5EE3
InstallProtocolInterface: 5B1B31A1-9562-11D2-8E3F-00A0C969723B 7F2DC040
Loading driver at 0x0007EA38000 EntryPoint=0x0007EA3C3A0 NvmExpressDxe.efi
InstallProtocolInterface: BC62157E-3E33-4FEC-9920-2D3B36D750DF 7F2EB598
ProtectUefiImageCommon - 0x7F2DC040
  - 0x000000007EA38000 - 0x000000000000A900
InstallProtocolInterface: 18A031AB-B443-4D1A-A5C0-0C09261E9F71 7EA42580
InstallProtocolInterface: 107A772C-D5E1-11D4-9A46-0090273FC14D 7EA42610
InstallProtocolInterface: 6A7A5CFF-E8D9-4F70-BADA-75AB3025CE14 7EA425F0
InstallProtocolInterface: 5C198761-16A8-4E69-972C-89D67954F81D 7EA42510
Loading driver 38A0EC22-FBE7-4911-8BC1-176E0D6C1DBD
InstallProtocolInterface: 5B1B31A1-9562-11D2-8E3F-00A0C969723B 7F2DC340
Loading driver at 0x0007EA35000 EntryPoint=0x0007EA359AF IsaAcpi.efi
InstallProtocolInterface: BC62157E-3E33-4FEC-9920-2D3B36D750DF 7F2DCB18
ProtectUefiImageCommon - 0x7F2DC340
  - 0x000000007EA35000 - 0x0000000000002C40
InstallProtocolInterface: 18A031AB-B443-4D1A-A5C0-0C09261E9F71 7EA37840
InstallProtocolInterface: 107A772C-D5E1-11D4-9A46-0090273FC14D 7EA37920
InstallProtocolInterface: 6A7A5CFF-E8D9-4F70-BADA-75AB3025CE14 7EA37820
Loading driver 240612B5-A063-11D4-9A3A-0090273FC14D
InstallProtocolInterface: 5B1B31A1-9562-11D2-8E3F-00A0C969723B 7F2E2040
Loading driver at 0x0007EA30000 EntryPoint=0x0007EA307E3 IsaBusDxe.efi
InstallProtocolInterface: BC62157E-3E33-4FEC-9920-2D3B36D750DF 7F2E2E18
ProtectUefiImageCommon - 0x7F2E2040
  - 0x000000007EA30000 - 0x0000000000004080
InstallProtocolInterface: 18A031AB-B443-4D1A-A5C0-0C09261E9F71 7EA33C60
InstallProtocolInterface: 107A772C-D5E1-11D4-9A46-0090273FC14D 7EA33CC0
InstallProtocolInterface: 6A7A5CFF-E8D9-4F70-BADA-75AB3025CE14 7EA33C40
Loading driver 93B80003-9FB3-11D4-9A3A-0090273FC14D
InstallProtocolInterface: 5B1B31A1-9562-11D2-8E3F-00A0C969723B 7F2E2440
Loading driver at 0x0007EA2A000 EntryPoint=0x0007EA2A2E7 IsaSerialDxe.efi
InstallProtocolInterface: BC62157E-3E33-4FEC-9920-2D3B36D750DF 7F2E2398
ProtectUefiImageCommon - 0x7F2E2440
  - 0x000000007EA2A000 - 0x0000000000005340
InstallProtocolInterface: 18A031AB-B443-4D1A-A5C0-0C09261E9F71 7EA2EE20
InstallProtocolInterface: 107A772C-D5E1-11D4-9A46-0090273FC14D 7EA2EE80
InstallProtocolInterface: 6A7A5CFF-E8D9-4F70-BADA-75AB3025CE14 7EA2EE60
Loading driver 3DC82376-637B-40A6-A8FC-A565417F2C38
InstallProtocolInterface: 5B1B31A1-9562-11D2-8E3F-00A0C969723B 7F2E7B40
Loading driver at 0x0007EA24000 EntryPoint=0x0007EA24511 Ps2KeyboardDxe.efi
InstallProtocolInterface: BC62157E-3E33-4FEC-9920-2D3B36D750DF 7F2E7A98
ProtectUefiImageCommon - 0x7F2E7B40
  - 0x000000007EA24000 - 0x0000000000005E40
InstallProtocolInterface: 18A031AB-B443-4D1A-A5C0-0C09261E9F71 7EA29C80
InstallProtocolInterface: 107A772C-D5E1-11D4-9A46-0090273FC14D 7EA29A70
InstallProtocolInterface: 6A7A5CFF-E8D9-4F70-BADA-75AB3025CE14 7EA29A50
Loading driver 0ABD8284-6DA3-4616-971A-83A5148067BA
InstallProtocolInterface: 5B1B31A1-9562-11D2-8E3F-00A0C969723B 7F2E7240
Loading driver at 0x0007EA1E000 EntryPoint=0x0007EA1E79C IsaFloppyDxe.efi
InstallProtocolInterface: BC62157E-3E33-4FEC-9920-2D3B36D750DF 7F2E7718
ProtectUefiImageCommon - 0x7F2E7240
  - 0x000000007EA1E000 - 0x00000000000053C0
InstallProtocolInterface: 18A031AB-B443-4D1A-A5C0-0C09261E9F71 7EA23200
InstallProtocolInterface: 107A772C-D5E1-11D4-9A46-0090273FC14D 7EA23180
InstallProtocolInterface: 6A7A5CFF-E8D9-4F70-BADA-75AB3025CE14 7EA23160
Loading driver B8E62775-BB0A-43F0-A843-5BE8B14F8CCD
InstallProtocolInterface: 5B1B31A1-9562-11D2-8E3F-00A0C969723B 7F2E6CC0
Loading driver at 0x0007EA1B000 EntryPoint=0x0007EA1B7DF BootGraphicsResourceTableDxe.efi
InstallProtocolInterface: BC62157E-3E33-4FEC-9920-2D3B36D750DF 7F2E6B18
ProtectUefiImageCommon - 0x7F2E6CC0
  - 0x000000007EA1B000 - 0x0000000000002C00
InstallProtocolInterface: CDEA2BD3-FC25-4C1C-B97C-B31186064990 7EA1D820
InstallProtocolInterface: 4B5DC1DF-1EAA-48B2-A7E9-EAC489A00B5C 7EA1D850
Loading driver 961578FE-B6B7-44C3-AF35-6BC705CD2B1F
InstallProtocolInterface: 5B1B31A1-9562-11D2-8E3F-00A0C969723B 7F2E5040
Loading driver at 0x0007EA10000 EntryPoint=0x0007EA16253 Fat.efi
InstallProtocolInterface: BC62157E-3E33-4FEC-9920-2D3B36D750DF 7F2E6698
ProtectUefiImageCommon - 0x7F2E5040
  - 0x000000007EA10000 - 0x000000000000A680
InstallProtocolInterface: 18A031AB-B443-4D1A-A5C0-0C09261E9F71 7EA1A4C0
InstallProtocolInterface: 107A772C-D5E1-11D4-9A46-0090273FC14D 7EA1A4A0
InstallProtocolInterface: 6A7A5CFF-E8D9-4F70-BADA-75AB3025CE14 7EA1A370
Loading driver 905F13B0-8F91-4B0A-BD76-E1E78F9422E4
InstallProtocolInterface: 5B1B31A1-9562-11D2-8E3F-00A0C969723B 7F2E52C0
Loading driver at 0x0007EA09000 EntryPoint=0x0007EA092D2 UdfDxe.efi
InstallProtocolInterface: BC62157E-3E33-4FEC-9920-2D3B36D750DF 7F2E5A98
ProtectUefiImageCommon - 0x7F2E52C0
  - 0x000000007EA09000 - 0x0000000000006580
InstallProtocolInterface: 18A031AB-B443-4D1A-A5C0-0C09261E9F71 7EA0F120
InstallProtocolInterface: 107A772C-D5E1-11D4-9A46-0090273FC14D 7EA0F180
InstallProtocolInterface: 6A7A5CFF-E8D9-4F70-BADA-75AB3025CE14 7EA0F0F0
Loading driver A92CDB4B-82F1-4E0B-A516-8A655D371524
InstallProtocolInterface: 5B1B31A1-9562-11D2-8E3F-00A0C969723B 7F2E5740
Loading driver at 0x0007EA03000 EntryPoint=0x0007EA03605 VirtioNetDxe.efi
InstallProtocolInterface: BC62157E-3E33-4FEC-9920-2D3B36D750DF 7F2E4F98
ProtectUefiImageCommon - 0x7F2E5740
  - 0x000000007EA03000 - 0x0000000000005DC0
InstallProtocolInterface: 18A031AB-B443-4D1A-A5C0-0C09261E9F71 7EA08C40
InstallProtocolInterface: 107A772C-D5E1-11D4-9A46-0090273FC14D 7EA08C20
InstallProtocolInterface: 6A7A5CFF-E8D9-4F70-BADA-75AB3025CE14 7EA08A30
Loading driver 2FB92EFA-2EE0-4BAE-9EB6-7464125E1EF7
InstallProtocolInterface: 5B1B31A1-9562-11D2-8E3F-00A0C969723B 7F2E41C0
Loading driver at 0x0007E9FB000 EntryPoint=0x0007E9FB6C6 UhciDxe.efi
InstallProtocolInterface: BC62157E-3E33-4FEC-9920-2D3B36D750DF 7F2E4A18
ProtectUefiImageCommon - 0x7F2E41C0
  - 0x000000007E9FB000 - 0x0000000000007640
InstallProtocolInterface: 18A031AB-B443-4D1A-A5C0-0C09261E9F71 7EA02320
InstallProtocolInterface: 107A772C-D5E1-11D4-9A46-0090273FC14D 7EA022E0
InstallProtocolInterface: 6A7A5CFF-E8D9-4F70-BADA-75AB3025CE14 7EA02280
Loading driver BDFE430E-8F2A-4DB0-9991-6F856594777E
InstallProtocolInterface: 5B1B31A1-9562-11D2-8E3F-00A0C969723B 7F2E3040
Loading driver at 0x0007E9F1000 EntryPoint=0x0007E9F1368 EhciDxe.efi
InstallProtocolInterface: BC62157E-3E33-4FEC-9920-2D3B36D750DF 7F2E3E98
ProtectUefiImageCommon - 0x7F2E3040
  - 0x000000007E9F1000 - 0x00000000000097C0
InstallProtocolInterface: 18A031AB-B443-4D1A-A5C0-0C09261E9F71 7E9FA5A0
InstallProtocolInterface: 107A772C-D5E1-11D4-9A46-0090273FC14D 7E9FA5F0
InstallProtocolInterface: 6A7A5CFF-E8D9-4F70-BADA-75AB3025CE14 7E9FA5D0
Loading driver B7F50E91-A759-412C-ADE4-DCD03E7F7C28
InstallProtocolInterface: 5B1B31A1-9562-11D2-8E3F-00A0C969723B 7F2E3340
Loading driver at 0x0007E9E3000 EntryPoint=0x0007E9E495F XhciDxe.efi
InstallProtocolInterface: BC62157E-3E33-4FEC-9920-2D3B36D750DF 7F2E3C98
ProtectUefiImageCommon - 0x7F2E3340
  - 0x000000007E9E3000 - 0x000000000000D480
InstallProtocolInterface: 18A031AB-B443-4D1A-A5C0-0C09261E9F71 7E9F00A0
InstallProtocolInterface: 107A772C-D5E1-11D4-9A46-0090273FC14D 7E9F0060
InstallProtocolInterface: 6A7A5CFF-E8D9-4F70-BADA-75AB3025CE14 7E9F02B0
Loading driver 240612B7-A063-11D4-9A3A-0090273FC14D
InstallProtocolInterface: 5B1B31A1-9562-11D2-8E3F-00A0C969723B 7F2E1040
Loading driver at 0x0007E9D9000 EntryPoint=0x0007E9D94B6 UsbBusDxe.efi
InstallProtocolInterface: BC62157E-3E33-4FEC-9920-2D3B36D750DF 7F2E1F18
ProtectUefiImageCommon - 0x7F2E1040
  - 0x000000007E9D9000 - 0x0000000000009A80
InstallProtocolInterface: 18A031AB-B443-4D1A-A5C0-0C09261E9F71 7E9E27A0
InstallProtocolInterface: 107A772C-D5E1-11D4-9A46-0090273FC14D 7E9E2760
InstallProtocolInterface: 6A7A5CFF-E8D9-4F70-BADA-75AB3025CE14 7E9E2570
Loading driver 2D2E62CF-9ECF-43B7-8219-94E7FC713DFE
InstallProtocolInterface: 5B1B31A1-9562-11D2-8E3F-00A0C969723B 7F2E1440
Loading driver at 0x0007E9D2000 EntryPoint=0x0007E9D22D2 UsbKbDxe.efi
InstallProtocolInterface: BC62157E-3E33-4FEC-9920-2D3B36D750DF 7F2E1A18
ProtectUefiImageCommon - 0x7F2E1440
  - 0x000000007E9D2000 - 0x0000000000006B80
InstallProtocolInterface: 18A031AB-B443-4D1A-A5C0-0C09261E9F71 7E9D8100
InstallProtocolInterface: 107A772C-D5E1-11D4-9A46-0090273FC14D 7E9D80C0
InstallProtocolInterface: 6A7A5CFF-E8D9-4F70-BADA-75AB3025CE14 7E9D89C0
Loading driver 9FB4B4A7-42C0-4BCD-8540-9BCC6711F83E
InstallProtocolInterface: 5B1B31A1-9562-11D2-8E3F-00A0C969723B 7F2E0040
Loading driver at 0x0007E9CC000 EntryPoint=0x0007E9CC980 UsbMassStorageDxe.efi
InstallProtocolInterface: BC62157E-3E33-4FEC-9920-2D3B36D750DF 7F2E0F18
ProtectUefiImageCommon - 0x7F2E0040
  - 0x000000007E9CC000 - 0x0000000000005F00
InstallProtocolInterface: 18A031AB-B443-4D1A-A5C0-0C09261E9F71 7E9D1A60
InstallProtocolInterface: 107A772C-D5E1-11D4-9A46-0090273FC14D 7E9D1AC0
InstallProtocolInterface: 6A7A5CFF-E8D9-4F70-BADA-75AB3025CE14 7E9D1A30
Loading driver E3752948-B9A1-4770-90C4-DF41C38986BE
InstallProtocolInterface: 5B1B31A1-9562-11D2-8E3F-00A0C969723B 7F2E0440
Loading driver at 0x0007E9C5000 EntryPoint=0x0007E9C81F3 QemuVideoDxe.efi
InstallProtocolInterface: BC62157E-3E33-4FEC-9920-2D3B36D750DF 7F2E0998
ProtectUefiImageCommon - 0x7F2E0440
  - 0x000000007E9C5000 - 0x0000000000006E00
InstallProtocolInterface: 18A031AB-B443-4D1A-A5C0-0C09261E9F71 7E9CB9A0
InstallProtocolInterface: 107A772C-D5E1-11D4-9A46-0090273FC14D 7E9CB980
InstallProtocolInterface: 6A7A5CFF-E8D9-4F70-BADA-75AB3025CE14 7E9CB910
InstallProtocolInterface: 5C198761-16A8-4E69-972C-89D67954F81D 7E9CB900
Loading driver D6099B94-CD97-4CC5-8714-7F6312701A8A
InstallProtocolInterface: 5B1B31A1-9562-11D2-8E3F-00A0C969723B 7F2DFB40
Loading driver at 0x0007E9BE000 EntryPoint=0x0007E9BEA31 VirtioGpuDxe.efi
InstallProtocolInterface: BC62157E-3E33-4FEC-9920-2D3B36D750DF 7F2DFA98
ProtectUefiImageCommon - 0x7F2DFB40
  - 0x000000007E9BE000 - 0x0000000000006300
InstallProtocolInterface: 18A031AB-B443-4D1A-A5C0-0C09261E9F71 7E9C3F80
InstallProtocolInterface: 6A7A5CFF-E8D9-4F70-BADA-75AB3025CE14 7E9C3F60
[Bds] Entry...
[BdsDxe] Locate Variable Lock protocol - Success
[Variable] Lock: 8BE4DF61-93CA-11D2-AA0D-00E098032B8C:PlatformLangCodes Success
[Variable] Lock: 8BE4DF61-93CA-11D2-AA0D-00E098032B8C:LangCodes Success
[Variable] Lock: 8BE4DF61-93CA-11D2-AA0D-00E098032B8C:BootOptionSupport Success
[Variable] Lock: 8BE4DF61-93CA-11D2-AA0D-00E098032B8C:HwErrRecSupport Success
[Variable] Lock: 8BE4DF61-93CA-11D2-AA0D-00E098032B8C:OsIndicationsSupported Success
Variable Driver Auto Update Lang, Lang:eng, PlatformLang:en Status: Success
[Variable] Lock: 8BE4DF61-93CA-11D2-AA0D-00E098032B8C:PlatformRecovery0000 Success
PlatformBootManagerBeforeConsole
Registered NotifyDevPath Event
PCI Bus First Scanning
PciBus: Discovered PCI @ [00|00|00]

PciBus: Discovered PCI @ [00|01|00]
   BAR[0]: Type = PMem32; Alignment = 0xFFFFFF;	Length = 0x1000000;	Offset = 0x10
   BAR[2]: Type =  Mem32; Alignment = 0xFFF;	Length = 0x1000;	Offset = 0x18

PciBus: Discovered PCI @ [00|02|00]
   BAR[0]: Type =  Mem32; Alignment = 0x1FFFF;	Length = 0x20000;	Offset = 0x10
   BAR[1]: Type =  Mem32; Alignment = 0x1FFFF;	Length = 0x20000;	Offset = 0x14
   BAR[2]: Type =   Io32; Alignment = 0x1F;	Length = 0x20;	Offset = 0x18
   BAR[3]: Type =  Mem32; Alignment = 0x3FFF;	Length = 0x4000;	Offset = 0x1C

PciBus: Discovered PCI @ [00|03|00]
   BAR[0]: Type =  Mem32; Alignment = 0xFFFFF;	Length = 0x100000;	Offset = 0x10
   BAR[1]: Type =   Io32; Alignment = 0x3F;	Length = 0x40;	Offset = 0x14

PciBus: Discovered PCI @ [00|1B|00]

PciBus: Discovered PCI @ [00|1B|02]
   BAR[4]: Type =   Io32; Alignment = 0x1F;	Length = 0x20;	Offset = 0x20
   BAR[5]: Type =  Mem32; Alignment = 0xFFF;	Length = 0x1000;	Offset = 0x24

PciBus: Discovered PCI @ [00|1B|03]
   BAR[4]: Type =   Io32; Alignment = 0x3F;	Length = 0x40;	Offset = 0x20

PCI Bus Second Scanning
PciBus: Discovered PCI @ [00|00|00]

PciBus: Discovered PCI @ [00|01|00]
   BAR[0]: Type = PMem32; Alignment = 0xFFFFFF;	Length = 0x1000000;	Offset = 0x10
   BAR[2]: Type =  Mem32; Alignment = 0xFFF;	Length = 0x1000;	Offset = 0x18

PciBus: Discovered PCI @ [00|02|00]
   BAR[0]: Type =  Mem32; Alignment = 0x1FFFF;	Length = 0x20000;	Offset = 0x10
   BAR[1]: Type =  Mem32; Alignment = 0x1FFFF;	Length = 0x20000;	Offset = 0x14
   BAR[2]: Type =   Io32; Alignment = 0x1F;	Length = 0x20;	Offset = 0x18
   BAR[3]: Type =  Mem32; Alignment = 0x3FFF;	Length = 0x4000;	Offset = 0x1C

PciBus: Discovered PCI @ [00|03|00]
   BAR[0]: Type =  Mem32; Alignment = 0xFFFFF;	Length = 0x100000;	Offset = 0x10
   BAR[1]: Type =   Io32; Alignment = 0x3F;	Length = 0x40;	Offset = 0x14

PciBus: Discovered PCI @ [00|1B|00]

PciBus: Discovered PCI @ [00|1B|02]
   BAR[4]: Type =   Io32; Alignment = 0x1F;	Length = 0x20;	Offset = 0x20
   BAR[5]: Type =  Mem32; Alignment = 0xFFF;	Length = 0x1000;	Offset = 0x24

PciBus: Discovered PCI @ [00|1B|03]
   BAR[4]: Type =   Io32; Alignment = 0x3F;	Length = 0x40;	Offset = 0x20

PciBus: Discovered PCI @ [00|00|00]

PciBus: Discovered PCI @ [00|01|00]
   BAR[0]: Type = PMem32; Alignment = 0xFFFFFF;	Length = 0x1000000;	Offset = 0x10
   BAR[2]: Type =  Mem32; Alignment = 0xFFF;	Length = 0x1000;	Offset = 0x18

PciBus: Discovered PCI @ [00|02|00]
   BAR[0]: Type =  Mem32; Alignment = 0x1FFFF;	Length = 0x20000;	Offset = 0x10
   BAR[1]: Type =  Mem32; Alignment = 0x1FFFF;	Length = 0x20000;	Offset = 0x14
   BAR[2]: Type =   Io32; Alignment = 0x1F;	Length = 0x20;	Offset = 0x18
   BAR[3]: Type =  Mem32; Alignment = 0x3FFF;	Length = 0x4000;	Offset = 0x1C

PciBus: Discovered PCI @ [00|03|00]
   BAR[0]: Type =  Mem32; Alignment = 0xFFFFF;	Length = 0x100000;	Offset = 0x10
   BAR[1]: Type =   Io32; Alignment = 0x3F;	Length = 0x40;	Offset = 0x14

PciBus: Discovered PCI @ [00|1B|00]

PciBus: Discovered PCI @ [00|1B|02]
   BAR[4]: Type =   Io32; Alignment = 0x1F;	Length = 0x20;	Offset = 0x20
   BAR[5]: Type =  Mem32; Alignment = 0xFFF;	Length = 0x1000;	Offset = 0x24

PciBus: Discovered PCI @ [00|1B|03]
   BAR[4]: Type =   Io32; Alignment = 0x3F;	Length = 0x40;	Offset = 0x20

PciHostBridge: SubmitResources for PciRoot(0x0)
 I/O: Granularity/SpecificFlag = 0 / 01
      Length/Alignment = 0x1000 / 0xFFF
 Mem: Granularity/SpecificFlag = 32 / 00
      Length/Alignment = 0x1200000 / 0xFFFFFF
PciBus: HostBridge->SubmitResources() - Success
PciHostBridge: NotifyPhase (AllocateResources)
 RootBridge: PciRoot(0x0)
[Enochovmf]AllocateResource: BaseAddress=80000000,Limit=DFFFFFFF,Length=1200000.
  Mem: Base/Length/Alignment = DC000000/1200000/FFFFFF - Success
[Enochovmf]AllocateResource: BaseAddress=6000,Limit=FFFF,Length=1000.
  I/O: Base/Length/Alignment = 6000/1000/FFF - Success
PciBus: HostBridge->NotifyPhase(AllocateResources) - Success
PciBus: Resource Map for Root Bridge PciRoot(0x0)
Type =   Io16; Base = 0x6000;	Length = 0x1000;	Alignment = 0xFFF
   Base = 0x6000;	Length = 0x40;	Alignment = 0x3F;	Owner = PCI [00|1B|03:20]
   Base = 0x6040;	Length = 0x40;	Alignment = 0x3F;	Owner = PCI [00|03|00:14]
   Base = 0x6080;	Length = 0x20;	Alignment = 0x1F;	Owner = PCI [00|1B|02:20]
   Base = 0x60A0;	Length = 0x20;	Alignment = 0x1F;	Owner = PCI [00|02|00:18]
Type =  Mem32; Base = 0xDC000000;	Length = 0x1200000;	Alignment = 0xFFFFFF
   Base = 0xDC000000;	Length = 0x1000000;	Alignment = 0xFFFFFF;	Owner = PCI [00|01|00:10]; Type = PMem32
   Base = 0xDD000000;	Length = 0x100000;	Alignment = 0xFFFFF;	Owner = PCI [00|03|00:10]
   Base = 0xDD100000;	Length = 0x20000;	Alignment = 0x1FFFF;	Owner = PCI [00|02|00:14]
   Base = 0xDD120000;	Length = 0x20000;	Alignment = 0x1FFFF;	Owner = PCI [00|02|00:10]
   Base = 0xDD140000;	Length = 0x4000;	Alignment = 0x3FFF;	Owner = PCI [00|02|00:1C]
   Base = 0xDD144000;	Length = 0x1000;	Alignment = 0xFFF;	Owner = PCI [00|1B|02:24]
   Base = 0xDD145000;	Length = 0x1000;	Alignment = 0xFFF;	Owner = PCI [00|01|00:18]

InstallProtocolInterface: 09576E91-6D3F-11D2-8E39-00A0C969723B 7F2DEB98
InstallProtocolInterface: 4CF5B200-68B8-4CA5-9EEC-B23E3F50029A 7F2DE1A8
InstallProtocolInterface: 09576E91-6D3F-11D2-8E39-00A0C969723B 7F2DEA18
InstallProtocolInterface: 4CF5B200-68B8-4CA5-9EEC-B23E3F50029A 7F2DE628
InstallProtocolInterface: 09576E91-6D3F-11D2-8E39-00A0C969723B 7F2DEA98
InstallProtocolInterface: 4CF5B200-68B8-4CA5-9EEC-B23E3F50029A 7F2DD028
InstallProtocolInterface: 4006C0C1-FCB3-403E-996D-4A6C8724E06D 7F2DD0F0
[Security] 3rd party image[0] is deferred to load before EndOfDxe: PciRoot(0x0)/Pci(0x2,0x0)/Offset(0x24A00,0x3A9FF).
InstallProtocolInterface: 3BC1B285-8A15-4A82-AABF-4D7D13FB3265 7F2DD0D8
InstallProtocolInterface: 09576E91-6D3F-11D2-8E39-00A0C969723B 7F2DEB18
InstallProtocolInterface: 4CF5B200-68B8-4CA5-9EEC-B23E3F50029A 7F2DD428
InstallProtocolInterface: 09576E91-6D3F-11D2-8E39-00A0C969723B 7F2DDE98
InstallProtocolInterface: 4CF5B200-68B8-4CA5-9EEC-B23E3F50029A 7F2DD828
InstallProtocolInterface: 09576E91-6D3F-11D2-8E39-00A0C969723B 7F2DDF18
InstallProtocolInterface: 4CF5B200-68B8-4CA5-9EEC-B23E3F50029A 7F2B5028
InstallProtocolInterface: 09576E91-6D3F-11D2-8E39-00A0C969723B 7F2DDF98
InstallProtocolInterface: 4CF5B200-68B8-4CA5-9EEC-B23E3F50029A 7F2B5428
InstallProtocolInterface: 30CFE3E7-3DE1-4586-BE20-DEABA1B3B793 0
OnRootBridgesConnected: root bridges have been connected, installing ACPI tables
Select Item: 0x19
Select Item: 0x2B
Select Item: 0x19
Select Item: 0x2A
Select Item: 0x19
Select Item: 0x21
Select Item: 0x19
Select Item: 0x22
InstallQemuFwCfgTables: installed 6 tables
PcRtc: Write 0x20 to CMOS location 0x32
AcpiS3ContextSave!
AcpiS3Context: AcpiFacsTable is 0x7FBFD000
AcpiS3Context: IdtrProfile is 0x7E9BD000
AcpiS3Context: S3NvsPageTableAddress is 0x       0
AcpiS3Context: S3DebugBufferAddress is 0x7E9B3000
AcpiS3Context: BootScriptStackBase is 0x7E9B4000
AcpiS3Context: BootScriptStackSize is 0x    8000
[Variable]END_OF_DXE is signaled
Initialize variable error flag (FF)
Select Item: 0x19
Select Item: 0x2A
InstallProtocolInterface: 60FF8964-E906-41D0-AFED-F241E974E08E 0
InstallProtocolInterface: FA20568B-548B-4B2B-81EF-1BA08D4A3CEC 0
Select Item: 0x0
FW CFG Signature: 0x554D4551
Select Item: 0x1
FW CFG Revision: 0x3
QemuFwCfg interface (DMA) is supported.
Select Item: 0x19
Select Item: 0x2A
[Security] 3rd party image[7F2B4718] can be loaded after EndOfDxe: PciRoot(0x0)/Pci(0x2,0x0)/Offset(0x24A00,0x3A9FF).
InstallProtocolInterface: 5B1B31A1-9562-11D2-8E3F-00A0C969723B 7F26B140
Loading driver at 0x0007E8E3000 EntryPoint=0x0007E8E91EC 808610d3.efi
InstallProtocolInterface: BC62157E-3E33-4FEC-9920-2D3B36D750DF 7F26AE98
ProtectUefiImageCommon - 0x7F26B140
  - 0x000000007E8E3000 - 0x00000000000A6CC0
InstallProtocolInterface: 18A031AB-B443-4D1A-A5C0-0C09261E9F71 7E906C50
InstallProtocolInterface: 6A7A5CFF-E8D9-4F70-BADA-75AB3025CE14 7E906C20
Found PCI display device
QemuVideo: QEMU Standard VGA detected
QemuVideo: Using mmio bar @ 0xDD145000
InstallProtocolInterface: 09576E91-6D3F-11D2-8E39-00A0C969723B 7F768D18
QemuVideoBochsModeSetup: AvailableFbSize=0x1000000
Adding Mode 0 as Bochs Internal Mode 0: 640x480, 32-bit
Adding Mode 1 as Bochs Internal Mode 1: 800x480, 32-bit
Adding Mode 2 as Bochs Internal Mode 2: 800x600, 32-bit
Adding Mode 3 as Bochs Internal Mode 3: 832x624, 32-bit
Adding Mode 4 as Bochs Internal Mode 4: 960x640, 32-bit
Adding Mode 5 as Bochs Internal Mode 5: 1024x600, 32-bit
Adding Mode 6 as Bochs Internal Mode 6: 1024x768, 32-bit
Adding Mode 7 as Bochs Internal Mode 7: 1152x864, 32-bit
Adding Mode 8 as Bochs Internal Mode 8: 1152x870, 32-bit
Adding Mode 9 as Bochs Internal Mode 9: 1280x720, 32-bit
Adding Mode 10 as Bochs Internal Mode 10: 1280x760, 32-bit
Adding Mode 11 as Bochs Internal Mode 11: 1280x768, 32-bit
Adding Mode 12 as Bochs Internal Mode 12: 1280x800, 32-bit
Adding Mode 13 as Bochs Internal Mode 13: 1280x960, 32-bit
Adding Mode 14 as Bochs Internal Mode 14: 1280x1024, 32-bit
Adding Mode 15 as Bochs Internal Mode 15: 1360x768, 32-bit
Adding Mode 16 as Bochs Internal Mode 16: 1366x768, 32-bit
Adding Mode 17 as Bochs Internal Mode 17: 1400x1050, 32-bit
Adding Mode 18 as Bochs Internal Mode 18: 1440x900, 32-bit
Adding Mode 19 as Bochs Internal Mode 19: 1600x900, 32-bit
Adding Mode 20 as Bochs Internal Mode 20: 1600x1200, 32-bit
Adding Mode 21 as Bochs Internal Mode 21: 1680x1050, 32-bit
Adding Mode 22 as Bochs Internal Mode 22: 1920x1080, 32-bit
Adding Mode 23 as Bochs Internal Mode 23: 1920x1200, 32-bit
Adding Mode 24 as Bochs Internal Mode 24: 1920x1440, 32-bit
Adding Mode 25 as Bochs Internal Mode 25: 2000x2000, 32-bit
Adding Mode 26 as Bochs Internal Mode 26: 2048x1536, 32-bit
Adding Mode 27 as Bochs Internal Mode 27: 2048x2048, 32-bit
Adding Mode 28 as Bochs Internal Mode 28: 2560x1440, 32-bit
Adding Mode 29 as Bochs Internal Mode 29: 2560x1600, 32-bit
InitializeBochsGraphicsMode: 640x480 @ 32
PixelBlueGreenRedReserved8BitPerColor
FrameBufferBase: 0xDC000000, FrameBufferSize: 0x12C000
0: shl:0 shr:0 mask:FF0000
1: shl:0 shr:0 mask:FF00
2: shl:0 shr:0 mask:FF
Bytes per pixel: 4
0: shl:0 shr:0 mask:FF0000
1: shl:0 shr:0 mask:FF00
2: shl:0 shr:0 mask:FF
Bytes per pixel: 4
InstallProtocolInterface: 9042A9DE-23DC-4A38-96FB-7ADED080516A 7F2DE038
InstallVbeShim: VBE shim installed
PixelBlueGreenRedReserved8BitPerColor
PixelBlueGreenRedReserved8BitPerColor
PixelBlueGreenRedReserved8BitPerColor
PixelBlueGreenRedReserved8BitPerColor
PixelBlueGreenRedReserved8BitPerColor
PixelBlueGreenRedReserved8BitPerColor
PixelBlueGreenRedReserved8BitPerColor
PixelBlueGreenRedReserved8BitPerColor
PixelBlueGreenRedReserved8BitPerColor
PixelBlueGreenRedReserved8BitPerColor
PixelBlueGreenRedReserved8BitPerColor
PixelBlueGreenRedReserved8BitPerColor
PixelBlueGreenRedReserved8BitPerColor
PixelBlueGreenRedReserved8BitPerColor
PixelBlueGreenRedReserved8BitPerColor
PixelBlueGreenRedReserved8BitPerColor
PixelBlueGreenRedReserved8BitPerColor
PixelBlueGreenRedReserved8BitPerColor
PixelBlueGreenRedReserved8BitPerColor
PixelBlueGreenRedReserved8BitPerColor
PixelBlueGreenRedReserved8BitPerColor
PixelBlueGreenRedReserved8BitPerColor
PixelBlueGreenRedReserved8BitPerColor
PixelBlueGreenRedReserved8BitPerColor
PixelBlueGreenRedReserved8BitPerColor
PixelBlueGreenRedReserved8BitPerColor
PixelBlueGreenRedReserved8BitPerColor
PixelBlueGreenRedReserved8BitPerColor
PixelBlueGreenRedReserved8BitPerColor
PixelBlueGreenRedReserved8BitPerColor
Found LPC Bridge device
BdsPlatform.c+600: COM1 DevPath: PciRoot(0x0)/Pci(0x1B,0x0)/Serial(0x0)/Uart(115200,8,N,1)/VenMsg(E0C14753-F9BE-11D2-9A0C-0090273FC14D)
BdsPlatform.c+632: COM2 DevPath: PciRoot(0x0)/Pci(0x1B,0x0)/Serial(0x1)/Uart(115200,8,N,1)/VenMsg(E0C14753-F9BE-11D2-9A0C-0090273FC14D)
Select Item: 0xE
[Bds]RegisterKeyNotify: 000C/0000 80000000/00 Success
[Bds]RegisterKeyNotify: 0017/0000 80000000/00 Success
[Bds]RegisterKeyNotify: 0000/000D 80000000/00 Success
PixelBlueGreenRedReserved8BitPerColor
PixelBlueGreenRedReserved8BitPerColor
PixelBlueGreenRedReserved8BitPerColor
InitializeBochsGraphicsMode: 800x600 @ 32
PixelBlueGreenRedReserved8BitPerColor
FrameBufferBase: 0xDC000000, FrameBufferSize: 0x1D5000
0: shl:0 shr:0 mask:FF0000
1: shl:0 shr:0 mask:FF00
2: shl:0 shr:0 mask:FF
Bytes per pixel: 4
0: shl:0 shr:0 mask:FF0000
1: shl:0 shr:0 mask:FF00
2: shl:0 shr:0 mask:FF
Bytes per pixel: 4
GraphicsConsole video resolution 800 x 600
Graphics - Mode 0, Column = 80, Row = 25
Graphics - Mode 1, Column = 0, Row = 0
Graphics - Mode 2, Column = 100, Row = 31
InstallProtocolInterface: 387477C2-69C7-11D2-8E39-00A0C969723B 7F26C3B0
InstallProtocolInterface: D3B36F2C-D551-11D4-9A46-0090273FC14D 0
PixelBlueGreenRedReserved8BitPerColor
PixelBlueGreenRedReserved8BitPerColor
PixelBlueGreenRedReserved8BitPerColor
PixelBlueGreenRedReserved8BitPerColor
PixelBlueGreenRedReserved8BitPerColor
PixelBlueGreenRedReserved8BitPerColor
PixelBlueGreenRedReserved8BitPerColor
PixelBlueGreenRedReserved8BitPerColor
PixelBlueGreenRedReserved8BitPerColor
PixelBlueGreenRedReserved8BitPerColor
PixelBlueGreenRedReserved8BitPerColor
PixelBlueGreenRedReserved8BitPerColor
PixelBlueGreenRedReserved8BitPerColor
PixelBlueGreenRedReserved8BitPerColor
PixelBlueGreenRedReserved8BitPerColor
PixelBlueGreenRedReserved8BitPerColor
PixelBlueGreenRedReserved8BitPerColor
PixelBlueGreenRedReserved8BitPerColor
PixelBlueGreenRedReserved8BitPerColor
PixelBlueGreenRedReserved8BitPerColor
PixelBlueGreenRedReserved8BitPerColor
PixelBlueGreenRedReserved8BitPerColor
PixelBlueGreenRedReserved8BitPerColor
PixelBlueGreenRedReserved8BitPerColor
PixelBlueGreenRedReserved8BitPerColor
PixelBlueGreenRedReserved8BitPerColor
PixelBlueGreenRedReserved8BitPerColor
PixelBlueGreenRedReserved8BitPerColor
PixelBlueGreenRedReserved8BitPerColor
PixelBlueGreenRedReserved8BitPerColor
InstallProtocolInterface: 9042A9DE-23DC-4A38-96FB-7ADED080516A 7FA3FA20
InstallProtocolInterface: 64A892DC-5561-4536-92C7-799BFC183355 7F269D28
InstallProtocolInterface: 09576E91-6D3F-11D2-8E39-00A0C969723B 7F26D618
InstallProtocolInterface: 7EE2BD44-3DA0-11D4-9A38-0090273FC14D 7F2699A8
InstallProtocolInterface: 09576E91-6D3F-11D2-8E39-00A0C969723B 7F26D818
InstallProtocolInterface: 7EE2BD44-3DA0-11D4-9A38-0090273FC14D 7F269E28
InstallProtocolInterface: 09576E91-6D3F-11D2-8E39-00A0C969723B 7F259E18
InstallProtocolInterface: 7EE2BD44-3DA0-11D4-9A38-0090273FC14D 7F259F28
InstallProtocolInterface: 09576E91-6D3F-11D2-8E39-00A0C969723B 7F259A18
InstallProtocolInterface: 7EE2BD44-3DA0-11D4-9A38-0090273FC14D 7F259D28
InstallProtocolInterface: 09576E91-6D3F-11D2-8E39-00A0C969723B 7F259718
InstallProtocolInterface: 7EE2BD44-3DA0-11D4-9A38-0090273FC14D 7F259928
InstallProtocolInterface: 09576E91-6D3F-11D2-8E39-00A0C969723B 7F259418
InstallProtocolInterface: 7EE2BD44-3DA0-11D4-9A38-0090273FC14D 7F2594A8
InstallProtocolInterface: 09576E91-6D3F-11D2-8E39-00A0C969723B 7F258798
InstallProtocolInterface: BB25CF6F-F1D4-11D2-9A0C-0090273FC1FD 7F269028
Terminal - Mode 0, Column = 80, Row = 25
Terminal - Mode 1, Column = 80, Row = 50
Terminal - Mode 2, Column = 100, Row = 31
InstallProtocolInterface: 387477C1-69C7-11D2-8E39-00A0C969723B 7F257040
InstallProtocolInterface: DD9E7534-7762-4698-8C14-F58517A625AA 7F257128
InstallProtocolInterface: 387477C2-69C7-11D2-8E39-00A0C969723B 7F257058
InstallProtocolInterface: 09576E91-6D3F-11D2-8E39-00A0C969723B 7F258418
InstallProtocolInterface: D3B36F2B-D551-11D4-9A46-0090273FC14D 0
InstallProtocolInterface: D3B36F2C-D551-11D4-9A46-0090273FC14D 0
InstallProtocolInterface: D3B36F2D-D551-11D4-9A46-0090273FC14D 0
InstallProtocolInterface: 387477C1-69C7-11D2-8E39-00A0C969723B 7F251028
InstallProtocolInterface: DD9E7534-7762-4698-8C14-F58517A625AA 7F251040
InstallProtocolInterface: D3B36F2B-D551-11D4-9A46-0090273FC14D 0
PlatformBootManagerAfterConsole
Found Mass Storage device: PciRoot(0x0)/Pci(0x1B,0x2)
SataControllerStart START
InstallProtocolInterface: A1E37052-80D9-4E65-A317-3E9A55C43EC9 7F2534A0
SataControllerStart END status = Success
==AtaAtapiPassThru Start== Controller = 7F2A9718
IDENTIFY DEVICE: [0] = 0000000000000040, [2] = 0000000000000000, [83] = 0000000000007400, [86] = 0000000000003400
port [0] port mulitplier [0] has a [harddisk]
Enabled S.M.A.R.T feature at port [0] PortMultiplier [0]!
CalculateBestPioMode: AdvancedPioMode = 3
IdeInitCalculateMode: PioMode = 4
CalculateBestUdmaMode: DeviceUDmaMode = 203F
IdeInitCalculateMode: UdmaMode = 5
port [2] port mulitplier [0] has a [cdrom]
CalculateBestPioMode: AdvancedPioMode = 3
IdeInitCalculateMode: PioMode = 3
CalculateBestUdmaMode: DeviceUDmaMode = 203F
IdeInitCalculateMode: UdmaMode = 5
InstallProtocolInterface: 1D3DE7F0-0807-424F-AA69-11A54E19A46F 7F2501C0
InstallProtocolInterface: 143B7632-B81B-4CB7-ABD3-B625A5B9BFFE 7F250210
InstallProtocolInterface: 19DF145A-B1D4-453F-8507-38816676D7F6 7F24CF98
AtaBus - Identify Device: Port 0 PortMultiplierPort FFFF
InstallProtocolInterface: 09576E91-6D3F-11D2-8E39-00A0C969723B 7F24CD98
InstallProtocolInterface: 964E5B21-6459-11D2-8E39-00A0C969723B 7F24C0A8
InstallProtocolInterface: A77B2472-E282-4E9F-A245-C2C0E27BBCC1 7F24C0D8
InstallProtocolInterface: D432A67F-14DC-484B-B3BB-3F0291849327 7F24C130
Found TCG support in Port 0 PortMultiplierPort FFFF
InstallProtocolInterface: C88B0B6D-0DFC-49A7-9CB4-49074B4C3A78 7F24C168
Successfully Install Storage Security Protocol on the ATA device
InstallProtocolInterface: 0167CCC4-D0F7-4F21-A3EF-9E64B7CDCE8B 7F249F20
InstallProtocolInterface: 09576E91-6D3F-11D2-8E39-00A0C969723B 7F249B98
InstallProtocolInterface: 932F47E6-2362-4002-803E-3CD54B138F85 7F249C28
InstallProtocolInterface: 964E5B21-6459-11D2-8E39-00A0C969723B 7F249328
InstallProtocolInterface: A77B2472-E282-4E9F-A245-C2C0E27BBCC1 7F249358
InstallProtocolInterface: D432A67F-14DC-484B-B3BB-3F0291849327 7F249450
InstallProtocolInterface: CE345171-BA0B-11D2-8E4F-00A0C969723B 7F248C20
InstallProtocolInterface: 151C8EAE-7F2C-472C-9E54-9828194F6A88 7F248C38
 BlockSize : 2048 
 LastBlock : 0 
FatOpenDevice: read of part_lba failed No Media
InstallProtocolInterface: CE345171-BA0B-11D2-8E4F-00A0C969723B 7F248420
InstallProtocolInterface: 151C8EAE-7F2C-472C-9E54-9828194F6A88 7F248438
 BlockSize : 512 
 LastBlock : FBFFF 
InstallProtocolInterface: 09576E91-6D3F-11D2-8E39-00A0C969723B 7F21FF98
InstallProtocolInterface: 964E5B21-6459-11D2-8E39-00A0C969723B 7F21F0B0
InstallProtocolInterface: A77B2472-E282-4E9F-A245-C2C0E27BBCC1 7F21F0E0
InstallProtocolInterface: 8CF2F62C-BC9B-4821-808D-EC9EC421A1A0 7F21F168
InstallProtocolInterface: CE345171-BA0B-11D2-8E4F-00A0C969723B 7F21F7A0
InstallProtocolInterface: 151C8EAE-7F2C-472C-9E54-9828194F6A88 7F21F7B8
 BlockSize : 512 
 LastBlock : FBFC0 
InstallProtocolInterface: 964E5B22-6459-11D2-8E39-00A0C969723B 7F216030
Installed Fat filesystem on 7F21FF18
FsAccess.c: LoadNvVarsFromFs
FSOpen: Open 'NvVars' Success
FsAccess.c: Read 1385 bytes from NV Variables file
Variable Driver Auto Update PlatformLang, PlatformLang:en, Lang:eng Status: Success
Variable Driver Auto Update Lang, Lang:eng, PlatformLang:en Status: Success
Variable Check ReadOnly variable fail Write Protected - 04B37FE8-F6AE-480B-BDD5-37D98C5E89AA:VarErrorFlag
IterateVariablesCallbackSetSystemVariable: setting ReadOnly variable "VarErrorFlag" failed with EFI_WRITE_PROTECTED, ignoring
FsAccess.c: Read NV Variables file (size=1)
FSOpen: Open 'NvVars' Success
Saved NV Variables to NvVars file
EmuVariablesUpdatedCallback
FSOpen: Open 'NvVars' Success
Saved NV Variables to NvVars file
Boot Mode:0
Select Item: 0x8
Select Item: 0x17
qemu -kernel was not used.
PlatformBdsConnectSequence
Select Item: 0x19
EfiBootManagerConnectAll
InstallProtocolInterface: A19832B9-AC25-11D3-9A2D-0090273FC14D 7E9093F0
InstallProtocolInterface: 09576E91-6D3F-11D2-8E39-00A0C969723B 7E909968
InstallProtocolInterface: E18541CD-F755-4F73-928D-643C8A79B229 7E909820
InstallProtocolInterface: 1ACED566-76ED-4218-BC81-767F1F977A89 7E909820
InstallProtocolInterface: 6A7A5CFF-E8D9-4F70-BADA-75AB3025CE14 7E909848
InstallProtocolInterface: 6F6C7323-2077-7523-6E68-656C7066756C 7E909860
InstallProtocolInterface: 09576E91-6D3F-11D2-8E39-00A0C969723B 7E9099C8
InstallProtocolInterface: 330D4706-F2A0-4E4F-A369-B66FA8D54385 7E909868
EmuVariablesUpdatedCallback
FSOpen: Open 'NvVars' Success
Saved NV Variables to NvVars file
SataControllerStart START
SataControllerStart error return status = Already started
 BlockSize : 2048 
 LastBlock : 0 
FatOpenDevice: read of part_lba failed No Media
 BlockSize : 512 
 LastBlock : FBFFF 
SataControllerStart START
SataControllerStart error return status = Already started
 BlockSize : 2048 
 LastBlock : 0 
FatOpenDevice: read of part_lba failed No Media
 BlockSize : 512 
 LastBlock : FBFFF 
 BlockSize : 512 
 LastBlock : FBFFF 
 BlockSize : 2048 
 LastBlock : 0 
FatOpenDevice: read of part_lba failed No Media
Select Item: 0x19
[Bds]OsIndication: 0000000000000000
[Bds]=============Begin Load Options Dumping ...=============
  Driver Options:
  SysPrep Options:
  Boot Options:
    Boot0000: UiApp 		 0x0109
    Boot0003: EFI Internal Shell 		 0x0001
    Boot0001: UEFI QEMU DVD-ROM QM00005  		 0x0001
    Boot0002: UEFI QEMU HARDDISK QM00001  		 0x0001
  PlatformRecovery Options:
    PlatformRecovery0000: Default PlatformRecovery 		 0x0001
[Bds]=============End Load Options Dumping=============
[Bds]BdsWait ...Zzzzzzzzzzzz...
[Bds]Exit the waiting!
[Bds]Stop Hotkey Service!
[Bds]UnregisterKeyNotify: 000C/0000 Success
[Bds]UnregisterKeyNotify: 0017/0000 Success
[Bds]UnregisterKeyNotify: 0000/000D Success
Memory  Previous  Current    Next   
 Type    Pages     Pages     Pages  
======  ========  ========  ========
  0A    00000004  00000022  0000002A
  09    00000008  0000000A  0000000C
  00    00000004  00000023  0000002B
  06    00000024  000000C2  000000F2
  05    00000030  0000003F  0000004E
  03    00000180  000002D3  00000387
  04    00000F00  0000108C  000014AF
Memory Type Information settings change.
[Bds]Booting EFI Internal Shell
[Bds] Expand Fv(7CB8BDC9-F8EB-4F34-AAEA-3EE4AF6516A1)/FvFile(7C04A583-9E3E-4F1C-AD65-E05268D0B4D1) -> Fv(7CB8BDC9-F8EB-4F34-AAEA-3EE4AF6516A1)/FvFile(7C04A583-9E3E-4F1C-AD65-E05268D0B4D1)
InstallProtocolInterface: 5B1B31A1-9562-11D2-8E3F-00A0C969723B 7F207740
Loading driver at 0x0007E380000 EntryPoint=0x0007E3D3C0F Shell.efi
InstallProtocolInterface: BC62157E-3E33-4FEC-9920-2D3B36D750DF 7F256498
ProtectUefiImageCommon - 0x7F207740
  - 0x000000007E380000 - 0x00000000000E1B00
InstallProtocolInterface: 387477C2-69C7-11D2-8E39-00A0C969723B 7F201BA0
InstallProtocolInterface: 752F3136-4E16-4FDC-A22A-E5F46812F4CA 7F200F98
InstallProtocolInterface: 6302D008-7F9B-4F30-87AC-60C9FEF5DA4E 7E45C2A0
FSOpen: Open '\startup.nsh' Success
FSOpen: Open '\startup.nsh' Success
FSOpen: Open '\startup.nsh' Success
FSOpen: Open '\' Success
FSOpen: Open '.' Success
FSOpen: Open '\Zebu_CNX_HIF.efi' Success
FSOpen: Open '\Zebu_CNX_HIF.efi' Success
FSOpen: Open '\Zebu_CNX_HIF.efi' Success
FSOpen: Open '\Zebu_CNX_HIF.efi' Success
[Security] 3rd party image[0] can be loaded after EndOfDxe: PciRoot(0x0)/Pci(0x1B,0x2)/Sata(0x0,0xFFFF,0x0)/HD(1,MBR,0xBE1AFDFA,0x3F,0xFBFC1)/\Zebu_CNX_HIF.efi.
InstallProtocolInterface: 5B1B31A1-9562-11D2-8E3F-00A0C969723B 7EDB7040
Loading driver at 0x0007E340000 EntryPoint=0x0007E3446C1 Zebu_CNX_HIF.efi
InstallProtocolInterface: BC62157E-3E33-4FEC-9920-2D3B36D750DF 7EDB7E98
ProtectUefiImageCommon - 0x7EDB7040
  - 0x000000007E340000 - 0x000000000003FE60
InstallProtocolInterface: 752F3136-4E16-4FDC-A22A-E5F46812F4CA 7FE30688
FSOpen: Open '\hifcfg.ini' Success
FSOpen: Open '\hifcfg.ini' Success
FSOpen: Open '\hifcfg.ini' Success
FSOpen: Open '\hifcfg.ini' Success
FSOpen: Open '\hifcfg.ini' Success
FSOpen: Open '\hifcfg.ini' Success
FSOpen: Open '\hifcfg.ini' Success
FSOpen: Open '\hifcfg.ini' Success
FSOpen: Open '\hifcfg.ini' Success
FSOpen: Open '\hifcfg.ini' Success
FSOpen: Open '\hifcfg.ini' Success
FSOpen: Open '\hifcfg.ini' Success
FSOpen: Open '\hifcfg.ini' Success
FSOpen: Open '\hifcfg.ini' Success
FSOpen: Open '\hifcfg.ini' Success
FSOpen: Open '\hifcfg.ini' Success
FSOpen: Open '\hifcfg.ini' Success
FSOpen: Open '\hifcfg.ini' Success
FSOpen: Open '\hifcfg.ini' Success
FSOpen: Open '\hifcfg.ini' Success
FSOpen: Open '\hifcfg.ini' Success
FSOpen: Open '\hifcfg.ini' Success
FSOpen: Open '\hifcfg.ini' Success
FSOpen: Open '\hifcfg.ini' Success
FSOpen: Open '\hifcfg.ini' Success
FSOpen: Open '\hifcfg.ini' Success
FSOpen: Open '\hifcfg.ini' Success
FSOpen: Open '\hifcfg.ini' Success
FSOpen: Open '\hifcfg.ini' Success
FSOpen: Open '\hifcfg.ini' Success
FSOpen: Open '\hifcfg.ini' Success
FSOpen: Open '\hifcfg.ini' Success
FSOpen: Open '\hifcfg.ini' Success
FSOpen: Open '\hifcfg.ini' Success
FSOpen: Open '\hifcfg.ini' Success
FSOpen: Open '\hifcfg.ini' Success
FSOpen: Open '\hifcfg.ini' Success
FSOpen: Open '\hifcfg.ini' Success
FSOpen: Open '\hifcfg.ini' Success
FSOpen: Open '\hifcfg.ini' Success
FSOpen: Open '\hifcfg.ini' Success
FSOpen: Open '\hifcfg.ini' Success
FSOpen: Open '\hifcfg.ini' Success
FSOpen: Open '\hifcfg.ini' Success
FSOpen: Open '\hifcfg.ini' Success
FSOpen: Open '\hifcfg.ini' Success
FSOpen: Open '\hifcfg.ini' Success
FSOpen: Open '\hifcfg.ini' Success
FSOpen: Open '\hifcfg.ini' Success
FSOpen: Open '\hifcfg.ini' Success
FSOpen: Open '\hifcfg.ini' Success
FSOpen: Open '\hifcfg.ini' Success
FSOpen: Open '\hifcfg.ini' Success
FSOpen: Open '\hifcfg.ini' Success
FSOpen: Open '\hifcfg.ini' Success
FSOpen: Open '\hifcfg.ini' Success
FSOpen: Open '\hifcfg.ini' Success
FSOpen: Open '\hifcfg.ini' Success
FSOpen: Open '\hifcfg.ini' Success
FSOpen: Open '\hifcfg.ini' Success
FSOpen: Open '\hifcfg.ini' Success
FSOpen: Open '\hifcfg.ini' Success
FSOpen: Open '\hifcfg.ini' Success
FSOpen: Open '\hifcfg.ini' Success
FSOpen: Open '\hifcfg.ini' Success
FSOpen: Open '\hifcfg.ini' Success
FSOpen: Open '\hifcfg.ini' Success
FSOpen: Open '\hifcfg.ini' Success
FSOpen: Open '\hifcfg.ini' Success
FSOpen: Open '\hifcfg.ini' Success
FSOpen: Open '\hifcfg.ini' Success
FSOpen: Open '\hifcfg.ini' Success
FSOpen: Open '\hifcfg.ini' Success
FSOpen: Open '\hifcfg.ini' Success
FSOpen: Open '\hifcfg.ini' Success
FSOpen: Open '\hifcfg.ini' Success
FSOpen: Open '\hifcfg.ini' Success
FSOpen: Open '\hifcfg.ini' Success
FSOpen: Open '\hifcfg.ini' Success
FSOpen: Open '\hifcfg.ini' Success
FSOpen: Open '\hifcfg.ini' Success
FSOpen: Open '\hifcfg.ini' Success
FSOpen: Open '\hifcfg.ini' Success
FSOpen: Open '\hifcfg.ini' Success
FSOpen: Open '\hifcfg.ini' Success
FSOpen: Open '\hifcfg.ini' Success
FSOpen: Open '\hifcfg.ini' Success
FSOpen: Open '\hifcfg.ini' Success
FSOpen: Open '\hifcfg.ini' Success
FSOpen: Open '\hifcfg.ini' Success
FSOpen: Open '\hifcfg.ini' Success
FSOpen: Open '\hifcfg.ini' Success
FSOpen: Open '\hifcfg.ini' Success
FSOpen: Open '\hifcfg.ini' Success
FSOpen: Open '\hifcfg.ini' Success
FSOpen: Open '\hifcfg.ini' Success
FSOpen: Open '\hifcfg.ini' Success
FSOpen: Open '\hifcfg.ini' Success
FSOpen: Open '\hifcfg.ini' Success
FSOpen: Open '\hifcfg.ini' Success
FSOpen: Open '\hifcfg.ini' Success
FSOpen: Open '\hifcfg.ini' Success
FSOpen: Open '\hifcfg.ini' Success
FSOpen: Open '\hifcfg.ini' Success
FSOpen: Open '\hifcfg.ini' Success
FSOpen: Open '\hifcfg.ini' Success
FSOpen: Open '\hifcfg.ini' Success
FSOpen: Open '\hifcfg.ini' Success
FSOpen: Open '\hifcfg.ini' Success
FSOpen: Open '\hifcfg.ini' Success
FSOpen: Open '\hifcfg.ini' Success
FSOpen: Open '\hifcfg.ini' Success
FSOpen: Open '\hifcfg.ini' Success
FSOpen: Open '\hifcfg.ini' Success
FSOpen: Open '\hifcfg.ini' Success
FSOpen: Open '\hifcfg.ini' Success
FSOpen: Open '\hifcfg.ini' Success
FSOpen: Open '\hifcfg.ini' Success
FSOpen: Open '\hifcfg.ini' Success
FSOpen: Open '\hifcfg.ini' Success
FSOpen: Open '\hifcfg.ini' Success
FSOpen: Open '\' Success
